🚀 Starting GLASS NDVI batch conversion at Mon Jun  9 18:02:05 EAT 2025
🔄 Processing: GLASS13B01.V10.A2000001.2023068
  ✅ Skipping (already exists)
🔄 Processing: GLASS13B01.V10.A2000009.2023068
  ✅ Skipping (already exists)
🔄 Processing: GLASS13B01.V10.A2000017.2023068
  ✅ Skipping (already exists)
🔄 Processing: GLASS13B01.V10.A2000025.2023068
  ✅ Skipping (already exists)
🔄 Processing: GLASS13B01.V10.A2000033.2023068
  ✅ Skipping (already exists)
🔄 Processing: GLASS13B01.V10.A2000041.2023068
  ✅ Skipping (already exists)
🔄 Processing: GLASS13B01.V10.A2000049.2023068
  ✅ Skipping (already exists)
🔄 Processing: GLASS13B01.V10.A2000057.2023068
  ✅ Skipping (already exists)
🔄 Processing: GLASS13B01.V10.A2000065.2023068
  ✅ Skipping (already exists)
🔄 Processing: GLASS13B01.V10.A2000073.2023068
  ✅ Skipping (already exists)
🔄 Processing: GLASS13B01.V10.A2000081.2023068
  ✅ Skipping (already exists)
🔄 Processing: GLASS13B01.V10.A2000089.2023068
  ✅ Skipping (already exists)
🔄 Processing: GLASS13B01.V10.A2000097.2023068
  ✅ Skipping (already exists)
🔄 Processing: GLASS13B01.V10.A2000105.2023068
  ✅ Skipping (already exists)
🔄 Processing: GLASS13B01.V10.A2000113.2023068
  ✅ Skipping (already exists)
🔄 Processing: GLASS13B01.V10.A2000121.2023068
  ✅ Skipping (already exists)
🔄 Processing: GLASS13B01.V10.A2000129.2023068
  ✅ Skipping (already exists)
🔄 Processing: GLASS13B01.V10.A2000137.2023068
  ✅ Skipping (already exists)
🔄 Processing: GLASS13B01.V10.A2000145.2023068
  ✅ Skipping (already exists)
🔄 Processing: GLASS13B01.V10.A2000153.2023068
  ✅ Skipping (already exists)
🔄 Processing: GLASS13B01.V10.A2000161.2023068
  ✅ Skipping (already exists)
🔄 Processing: GLASS13B01.V10.A2000169.2023068
  ✅ Skipping (already exists)
🔄 Processing: GLASS13B01.V10.A2000177.2023068
  ✅ Skipping (already exists)
🔄 Processing: GLASS13B01.V10.A2000185.2023068
  ✅ Skipping (already exists)
🔄 Processing: GLASS13B01.V10.A2000193.2023068
  ✅ Skipping (already exists)
🔄 Processing: GLASS13B01.V10.A2000201.2023068
  ✅ Skipping (already exists)
🔄 Processing: GLASS13B01.V10.A2000209.2023068
  ✅ Skipping (already exists)
🔄 Processing: GLASS13B01.V10.A2000217.2023068
  ✅ Skipping (already exists)
🔄 Processing: GLASS13B01.V10.A2000225.2023068
  ✅ Skipping (already exists)
🔄 Processing: GLASS13B01.V10.A2000233.2023068
  ✅ Skipping (already exists)
🔄 Processing: GLASS13B01.V10.A2000241.2023068
  ✅ Skipping (already exists)
🔄 Processing: GLASS13B01.V10.A2000249.2023068
  ✅ Skipping (already exists)
🔄 Processing: GLASS13B01.V10.A2000257.2023068
  ✅ Skipping (already exists)
🔄 Processing: GLASS13B01.V10.A2000265.2023068
  ✅ Skipping (already exists)
🔄 Processing: GLASS13B01.V10.A2000273.2023068
  ✅ Skipping (already exists)
🔄 Processing: GLASS13B01.V10.A2000281.2023068
  ✅ Skipping (already exists)
🔄 Processing: GLASS13B01.V10.A2000289.2023068
  ✅ Skipping (already exists)
🔄 Processing: GLASS13B01.V10.A2000297.2023068
  ✅ Skipping (already exists)
🔄 Processing: GLASS13B01.V10.A2000305.2023068
  ✅ Skipping (already exists)
🔄 Processing: GLASS13B01.V10.A2000313.2023068
  ✅ Skipping (already exists)
🔄 Processing: GLASS13B01.V10.A2000321.2023068
  ✅ Skipping (already exists)
🔄 Processing: GLASS13B01.V10.A2000329.2023068
  ✅ Skipping (already exists)
🔄 Processing: GLASS13B01.V10.A2000337.2023068
  ✅ Skipping (already exists)
🔄 Processing: GLASS13B01.V10.A2000345.2023068
  ✅ Skipping (already exists)
🔄 Processing: GLASS13B01.V10.A2000353.2023068
  ✅ Skipping (already exists)
🔄 Processing: GLASS13B01.V10.A2000361.2023068
  ✅ Skipping (already exists)
🔄 Processing: GLASS13B01.V10.A2001001.2023068
  ✅ Skipping (already exists)
🔄 Processing: GLASS13B01.V10.A2001009.2023068
  ✅ Skipping (already exists)
🔄 Processing: GLASS13B01.V10.A2001017.2023068
  ✅ Success
🔄 Processing: GLASS13B01.V10.A2001025.2023068
  ✅ Skipping (already exists)
🔄 Processing: GLASS13B01.V10.A2001033.2023068
  ✅ Skipping (already exists)
🔄 Processing: GLASS13B01.V10.A2001041.2023068
  ✅ Skipping (already exists)
🔄 Processing: GLASS13B01.V10.A2001049.2023068
  ✅ Skipping (already exists)
🔄 Processing: GLASS13B01.V10.A2001057.2023068
  ✅ Skipping (already exists)
🔄 Processing: GLASS13B01.V10.A2001065.2023068
  ✅ Skipping (already exists)
🔄 Processing: GLASS13B01.V10.A2001073.2023068
  ✅ Skipping (already exists)
🔄 Processing: GLASS13B01.V10.A2001081.2023068
  ✅ Skipping (already exists)
🔄 Processing: GLASS13B01.V10.A2001089.2023068
  ✅ Skipping (already exists)
🔄 Processing: GLASS13B01.V10.A2001097.2023068
  ✅ Skipping (already exists)
🔄 Processing: GLASS13B01.V10.A2001105.2023068
  ✅ Skipping (already exists)
🔄 Processing: GLASS13B01.V10.A2001113.2023068
  ✅ Skipping (already exists)
🔄 Processing: GLASS13B01.V10.A2001121.2023068
  ✅ Skipping (already exists)
🔄 Processing: GLASS13B01.V10.A2001129.2023068
  ✅ Skipping (already exists)
🔄 Processing: GLASS13B01.V10.A2001137.2023068
  ✅ Skipping (already exists)
🔄 Processing: GLASS13B01.V10.A2001145.2023068
  ✅ Skipping (already exists)
🔄 Processing: GLASS13B01.V10.A2001153.2023068
  ✅ Skipping (already exists)
🔄 Processing: GLASS13B01.V10.A2001161.2023068
  ✅ Skipping (already exists)
🔄 Processing: GLASS13B01.V10.A2001169.2023068
  ✅ Skipping (already exists)
🔄 Processing: GLASS13B01.V10.A2001177.2023068
  ✅ Skipping (already exists)
🔄 Processing: GLASS13B01.V10.A2001185.2023068
  ✅ Skipping (already exists)
🔄 Processing: GLASS13B01.V10.A2001193.2023068
  ✅ Skipping (already exists)
🔄 Processing: GLASS13B01.V10.A2001201.2023068
  ✅ Skipping (already exists)
🔄 Processing: GLASS13B01.V10.A2001209.2023068
  ✅ Skipping (already exists)
🔄 Processing: GLASS13B01.V10.A2001217.2023068
  ✅ Skipping (already exists)
🔄 Processing: GLASS13B01.V10.A2001225.2023068
  ✅ Skipping (already exists)
🔄 Processing: GLASS13B01.V10.A2001233.2023068
  ✅ Skipping (already exists)
🔄 Processing: GLASS13B01.V10.A2001241.2023068
  ✅ Skipping (already exists)
🔄 Processing: GLASS13B01.V10.A2001249.2023068
  ✅ Skipping (already exists)
🔄 Processing: GLASS13B01.V10.A2001257.2023068
  ✅ Skipping (already exists)
🔄 Processing: GLASS13B01.V10.A2001265.2023068
  ✅ Skipping (already exists)
🔄 Processing: GLASS13B01.V10.A2001273.2023068
  ✅ Skipping (already exists)
🔄 Processing: GLASS13B01.V10.A2001281.2023068
  ✅ Skipping (already exists)
🔄 Processing: GLASS13B01.V10.A2001289.2023068
  ✅ Skipping (already exists)
🔄 Processing: GLASS13B01.V10.A2001297.2023068
  ✅ Skipping (already exists)
🔄 Processing: GLASS13B01.V10.A2001305.2023068
  ✅ Skipping (already exists)
🔄 Processing: GLASS13B01.V10.A2001313.2023068
  ✅ Skipping (already exists)
🔄 Processing: GLASS13B01.V10.A2001321.2023068
  ✅ Skipping (already exists)
🔄 Processing: GLASS13B01.V10.A2001329.2023068
  ✅ Skipping (already exists)
🔄 Processing: GLASS13B01.V10.A2001337.2023068
  ✅ Skipping (already exists)
🔄 Processing: GLASS13B01.V10.A2001345.2023068
  ✅ Skipping (already exists)
🔄 Processing: GLASS13B01.V10.A2001353.2023068
  ✅ Skipping (already exists)
🔄 Processing: GLASS13B01.V10.A2001361.2023068
  ✅ Skipping (already exists)
🔄 Processing: GLASS13B01.V10.A2002001.2023068
  ✅ Skipping (already exists)
🔄 Processing: GLASS13B01.V10.A2002009.2023068
  ✅ Skipping (already exists)
🔄 Processing: GLASS13B01.V10.A2002017.2023068
  ✅ Skipping (already exists)
🔄 Processing: GLASS13B01.V10.A2002025.2023068
  ✅ Skipping (already exists)
🔄 Processing: GLASS13B01.V10.A2002033.2023068
  ✅ Skipping (already exists)
🔄 Processing: GLASS13B01.V10.A2002041.2023068
  ✅ Skipping (already exists)
🔄 Processing: GLASS13B01.V10.A2002049.2023068
  ✅ Skipping (already exists)
🔄 Processing: GLASS13B01.V10.A2002057.2023068
  ✅ Skipping (already exists)
🔄 Processing: GLASS13B01.V10.A2002065.2023068
  ✅ Skipping (already exists)
🔄 Processing: GLASS13B01.V10.A2002073.2023068
  ✅ Skipping (already exists)
🔄 Processing: GLASS13B01.V10.A2002081.2023068
  ✅ Skipping (already exists)
🔄 Processing: GLASS13B01.V10.A2002089.2023068
  ✅ Skipping (already exists)
🔄 Processing: GLASS13B01.V10.A2002097.2023068
  ✅ Skipping (already exists)
🔄 Processing: GLASS13B01.V10.A2002105.2023068
  ✅ Skipping (already exists)
🔄 Processing: GLASS13B01.V10.A2002113.2023068
  ✅ Skipping (already exists)
🔄 Processing: GLASS13B01.V10.A2002121.2023068
  ✅ Skipping (already exists)
🔄 Processing: GLASS13B01.V10.A2002129.2023068
  ✅ Skipping (already exists)
🔄 Processing: GLASS13B01.V10.A2002137.2023068
  ✅ Skipping (already exists)
🔄 Processing: GLASS13B01.V10.A2002145.2023068
  ✅ Skipping (already exists)
🔄 Processing: GLASS13B01.V10.A2002153.2023068
  ✅ Skipping (already exists)
🔄 Processing: GLASS13B01.V10.A2002161.2023068
  ✅ Skipping (already exists)
🔄 Processing: GLASS13B01.V10.A2002169.2023068
  ✅ Skipping (already exists)
🔄 Processing: GLASS13B01.V10.A2002177.2023068
  ✅ Skipping (already exists)
🔄 Processing: GLASS13B01.V10.A2002185.2023068
  ✅ Skipping (already exists)
🔄 Processing: GLASS13B01.V10.A2002193.2023068
  ✅ Skipping (already exists)
🔄 Processing: GLASS13B01.V10.A2002201.2023068
  ✅ Skipping (already exists)
🔄 Processing: GLASS13B01.V10.A2002209.2023068
  ✅ Skipping (already exists)
🔄 Processing: GLASS13B01.V10.A2002217.2023068
  ✅ Skipping (already exists)
🔄 Processing: GLASS13B01.V10.A2002225.2023068
  ✅ Skipping (already exists)
🔄 Processing: GLASS13B01.V10.A2002233.2023068
  ✅ Skipping (already exists)
🔄 Processing: GLASS13B01.V10.A2002241.2023068
  ✅ Skipping (already exists)
🔄 Processing: GLASS13B01.V10.A2002249.2023068
  ✅ Skipping (already exists)
🔄 Processing: GLASS13B01.V10.A2002257.2023068
  ✅ Skipping (already exists)
🔄 Processing: GLASS13B01.V10.A2002265.2023068
  ✅ Skipping (already exists)
🔄 Processing: GLASS13B01.V10.A2002273.2023068
  ✅ Skipping (already exists)
🔄 Processing: GLASS13B01.V10.A2002281.2023068
  ✅ Skipping (already exists)
🔄 Processing: GLASS13B01.V10.A2002289.2023068
  ✅ Skipping (already exists)
🔄 Processing: GLASS13B01.V10.A2002297.2023068
  ✅ Skipping (already exists)
🔄 Processing: GLASS13B01.V10.A2002305.2023068
  ✅ Skipping (already exists)
🔄 Processing: GLASS13B01.V10.A2002313.2023068
  ✅ Skipping (already exists)
🔄 Processing: GLASS13B01.V10.A2002321.2023068
  ✅ Skipping (already exists)
🔄 Processing: GLASS13B01.V10.A2002329.2023068
  ✅ Skipping (already exists)
🔄 Processing: GLASS13B01.V10.A2002337.2023068
  ✅ Skipping (already exists)
🔄 Processing: GLASS13B01.V10.A2002345.2023068
  ✅ Skipping (already exists)
🔄 Processing: GLASS13B01.V10.A2002353.2023068
  ✅ Skipping (already exists)
🔄 Processing: GLASS13B01.V10.A2002361.2023068
  ✅ Skipping (already exists)
🔄 Processing: GLASS13B01.V10.A2003001.2023068
  ✅ Skipping (already exists)
🔄 Processing: GLASS13B01.V10.A2003009.2023068
  ✅ Skipping (already exists)
🔄 Processing: GLASS13B01.V10.A2003017.2023068
  ✅ Skipping (already exists)
🔄 Processing: GLASS13B01.V10.A2003025.2023068
  ✅ Skipping (already exists)
🔄 Processing: GLASS13B01.V10.A2003033.2023068
  ✅ Skipping (already exists)
🔄 Processing: GLASS13B01.V10.A2003041.2023068
  ✅ Skipping (already exists)
🔄 Processing: GLASS13B01.V10.A2003049.2023068
  ✅ Skipping (already exists)
🔄 Processing: GLASS13B01.V10.A2003057.2023068
  ✅ Success
🔄 Processing: GLASS13B01.V10.A2003065.2023068
  ✅ Skipping (already exists)
🔄 Processing: GLASS13B01.V10.A2003073.2023068
  ✅ Skipping (already exists)
🔄 Processing: GLASS13B01.V10.A2003081.2023068
  ✅ Skipping (already exists)
🔄 Processing: GLASS13B01.V10.A2003089.2023068
  ✅ Skipping (already exists)
🔄 Processing: GLASS13B01.V10.A2003097.2023068
  ✅ Skipping (already exists)
🔄 Processing: GLASS13B01.V10.A2003105.2023068
  ✅ Skipping (already exists)
🔄 Processing: GLASS13B01.V10.A2003113.2023068
  ✅ Skipping (already exists)
🔄 Processing: GLASS13B01.V10.A2003121.2023068
  ✅ Skipping (already exists)
🔄 Processing: GLASS13B01.V10.A2003129.2023068
  ✅ Skipping (already exists)
🔄 Processing: GLASS13B01.V10.A2003137.2023068
  ✅ Skipping (already exists)
🔄 Processing: GLASS13B01.V10.A2003145.2023068
  ✅ Skipping (already exists)
🔄 Processing: GLASS13B01.V10.A2003153.2023068
  ✅ Skipping (already exists)
🔄 Processing: GLASS13B01.V10.A2003161.2023068
  ✅ Skipping (already exists)
🔄 Processing: GLASS13B01.V10.A2003169.2023068
  ✅ Skipping (already exists)
🔄 Processing: GLASS13B01.V10.A2003177.2023068
  ✅ Skipping (already exists)
🔄 Processing: GLASS13B01.V10.A2003185.2023068
  ✅ Skipping (already exists)
🔄 Processing: GLASS13B01.V10.A2003193.2023068
  ✅ Skipping (already exists)
🔄 Processing: GLASS13B01.V10.A2003201.2023068
  ✅ Skipping (already exists)
🔄 Processing: GLASS13B01.V10.A2003209.2023068
  ✅ Skipping (already exists)
🔄 Processing: GLASS13B01.V10.A2003217.2023068
  ✅ Skipping (already exists)
🔄 Processing: GLASS13B01.V10.A2003225.2023068
  ✅ Skipping (already exists)
🔄 Processing: GLASS13B01.V10.A2003233.2023068
  ✅ Skipping (already exists)
🔄 Processing: GLASS13B01.V10.A2003241.2023068
  ✅ Skipping (already exists)
🔄 Processing: GLASS13B01.V10.A2003249.2023068
  ✅ Skipping (already exists)
🔄 Processing: GLASS13B01.V10.A2003257.2023068
  ✅ Skipping (already exists)
🔄 Processing: GLASS13B01.V10.A2003265.2023068
  ✅ Skipping (already exists)
🔄 Processing: GLASS13B01.V10.A2003273.2023068
  ✅ Skipping (already exists)
🔄 Processing: GLASS13B01.V10.A2003281.2023068
  ✅ Skipping (already exists)
🔄 Processing: GLASS13B01.V10.A2003289.2023068
  ✅ Skipping (already exists)
🔄 Processing: GLASS13B01.V10.A2003297.2023068
  ✅ Success
🔄 Processing: GLASS13B01.V10.A2003305.2023068
  ✅ Skipping (already exists)
🔄 Processing: GLASS13B01.V10.A2003313.2023068
  ✅ Skipping (already exists)
🔄 Processing: GLASS13B01.V10.A2003321.2023068
  ✅ Skipping (already exists)
🔄 Processing: GLASS13B01.V10.A2003329.2023068
  ✅ Skipping (already exists)
🔄 Processing: GLASS13B01.V10.A2003337.2023068
  ✅ Skipping (already exists)
🔄 Processing: GLASS13B01.V10.A2003345.2023068
  ✅ Skipping (already exists)
🔄 Processing: GLASS13B01.V10.A2003353.2023068
  ✅ Skipping (already exists)
🔄 Processing: GLASS13B01.V10.A2003361.2023068
  ✅ Skipping (already exists)
🔄 Processing: GLASS13B01.V10.A2004001.2023068
  ✅ Skipping (already exists)
🔄 Processing: GLASS13B01.V10.A2004009.2023068
  ✅ Skipping (already exists)
🔄 Processing: GLASS13B01.V10.A2004017.2023068
  ✅ Skipping (already exists)
🔄 Processing: GLASS13B01.V10.A2004025.2023068
  ✅ Skipping (already exists)
🔄 Processing: GLASS13B01.V10.A2004033.2023068
  ✅ Skipping (already exists)
🔄 Processing: GLASS13B01.V10.A2004041.2023068
  ✅ Skipping (already exists)
🔄 Processing: GLASS13B01.V10.A2004049.2023068
  ✅ Skipping (already exists)
🔄 Processing: GLASS13B01.V10.A2004057.2023068
  ✅ Skipping (already exists)
🔄 Processing: GLASS13B01.V10.A2004065.2023068
  ✅ Skipping (already exists)
🔄 Processing: GLASS13B01.V10.A2004073.2023068
  ✅ Skipping (already exists)
🔄 Processing: GLASS13B01.V10.A2004081.2023068
  ✅ Skipping (already exists)
🔄 Processing: GLASS13B01.V10.A2004089.2023068
  ✅ Skipping (already exists)
🔄 Processing: GLASS13B01.V10.A2004097.2023068
  ✅ Skipping (already exists)
🔄 Processing: GLASS13B01.V10.A2004105.2023068
  ✅ Skipping (already exists)
🔄 Processing: GLASS13B01.V10.A2004113.2023068
  ✅ Skipping (already exists)
🔄 Processing: GLASS13B01.V10.A2004121.2023068
  ✅ Skipping (already exists)
🔄 Processing: GLASS13B01.V10.A2004129.2023068
  ✅ Skipping (already exists)
🔄 Processing: GLASS13B01.V10.A2004137.2023068
  ✅ Skipping (already exists)
🔄 Processing: GLASS13B01.V10.A2004145.2023068
  ✅ Skipping (already exists)
🔄 Processing: GLASS13B01.V10.A2004153.2023068
  ✅ Skipping (already exists)
🔄 Processing: GLASS13B01.V10.A2004161.2023068
  ✅ Skipping (already exists)
🔄 Processing: GLASS13B01.V10.A2004169.2023068
  ✅ Skipping (already exists)
🔄 Processing: GLASS13B01.V10.A2004177.2023068
  ✅ Skipping (already exists)
🔄 Processing: GLASS13B01.V10.A2004185.2023068
  ✅ Skipping (already exists)
🔄 Processing: GLASS13B01.V10.A2004193.2023068
  ✅ Skipping (already exists)
🔄 Processing: GLASS13B01.V10.A2004201.2023068
  ✅ Skipping (already exists)
🔄 Processing: GLASS13B01.V10.A2004209.2023068
  ✅ Success
🔄 Processing: GLASS13B01.V10.A2004217.2023068
  ✅ Skipping (already exists)
🔄 Processing: GLASS13B01.V10.A2004225.2023068
  ✅ Skipping (already exists)
🔄 Processing: GLASS13B01.V10.A2004233.2023068
  ✅ Success
🔄 Processing: GLASS13B01.V10.A2004241.2023068
  ✅ Skipping (already exists)
🔄 Processing: GLASS13B01.V10.A2004249.2023068
  ✅ Skipping (already exists)
🔄 Processing: GLASS13B01.V10.A2004257.2023068
  ✅ Skipping (already exists)
🔄 Processing: GLASS13B01.V10.A2004265.2023068
  ✅ Success
🔄 Processing: GLASS13B01.V10.A2004273.2023068
  ✅ Skipping (already exists)
🔄 Processing: GLASS13B01.V10.A2004281.2023068
  ✅ Skipping (already exists)
🔄 Processing: GLASS13B01.V10.A2004289.2023068
  ✅ Skipping (already exists)
🔄 Processing: GLASS13B01.V10.A2004297.2023068
  ✅ Skipping (already exists)
🔄 Processing: GLASS13B01.V10.A2004305.2023068
  ✅ Skipping (already exists)
🔄 Processing: GLASS13B01.V10.A2004313.2023068
  ✅ Skipping (already exists)
🔄 Processing: GLASS13B01.V10.A2004321.2023068
  ✅ Skipping (already exists)
🔄 Processing: GLASS13B01.V10.A2004329.2023068
  ✅ Skipping (already exists)
🔄 Processing: GLASS13B01.V10.A2004337.2023068
  ✅ Skipping (already exists)
🔄 Processing: GLASS13B01.V10.A2004345.2023068
  ✅ Skipping (already exists)
🔄 Processing: GLASS13B01.V10.A2004353.2023068
  ✅ Skipping (already exists)
🔄 Processing: GLASS13B01.V10.A2004361.2023068
  ✅ Skipping (already exists)
🔄 Processing: GLASS13B01.V10.A2005001.2023068
  ✅ Skipping (already exists)
🔄 Processing: GLASS13B01.V10.A2005009.2023068
  ✅ Skipping (already exists)
🔄 Processing: GLASS13B01.V10.A2005017.2023068
  ✅ Skipping (already exists)
🔄 Processing: GLASS13B01.V10.A2005025.2023068
  ✅ Skipping (already exists)
🔄 Processing: GLASS13B01.V10.A2005033.2023068
  ✅ Skipping (already exists)
🔄 Processing: GLASS13B01.V10.A2005041.2023068
  ✅ Skipping (already exists)
🔄 Processing: GLASS13B01.V10.A2005049.2023068
  ✅ Skipping (already exists)
🔄 Processing: GLASS13B01.V10.A2005057.2023068
  ✅ Skipping (already exists)
🔄 Processing: GLASS13B01.V10.A2005065.2023068
  ✅ Skipping (already exists)
🔄 Processing: GLASS13B01.V10.A2005073.2023068
  ✅ Skipping (already exists)
🔄 Processing: GLASS13B01.V10.A2005081.2023068
  ✅ Skipping (already exists)
🔄 Processing: GLASS13B01.V10.A2005089.2023068
  ✅ Skipping (already exists)
🔄 Processing: GLASS13B01.V10.A2005097.2023068
  ✅ Skipping (already exists)
🔄 Processing: GLASS13B01.V10.A2005105.2023068
  ✅ Skipping (already exists)
🔄 Processing: GLASS13B01.V10.A2005113.2023068
  ✅ Skipping (already exists)
🔄 Processing: GLASS13B01.V10.A2005121.2023068
  ✅ Skipping (already exists)
🔄 Processing: GLASS13B01.V10.A2005129.2023068
  ✅ Skipping (already exists)
🔄 Processing: GLASS13B01.V10.A2005137.2023068
  ✅ Skipping (already exists)
🔄 Processing: GLASS13B01.V10.A2005145.2023068
  ✅ Skipping (already exists)
🔄 Processing: GLASS13B01.V10.A2005153.2023068
  ✅ Skipping (already exists)
🔄 Processing: GLASS13B01.V10.A2005161.2023068
  ✅ Skipping (already exists)
🔄 Processing: GLASS13B01.V10.A2005169.2023068
  ✅ Skipping (already exists)
🔄 Processing: GLASS13B01.V10.A2005177.2023068
  ✅ Skipping (already exists)
🔄 Processing: GLASS13B01.V10.A2005185.2023068
  ✅ Skipping (already exists)
🔄 Processing: GLASS13B01.V10.A2005193.2023068
  ✅ Skipping (already exists)
🔄 Processing: GLASS13B01.V10.A2005201.2023068
  ✅ Skipping (already exists)
🔄 Processing: GLASS13B01.V10.A2005209.2023068
  ✅ Skipping (already exists)
🔄 Processing: GLASS13B01.V10.A2005217.2023068
  ✅ Skipping (already exists)
🔄 Processing: GLASS13B01.V10.A2005225.2023068
  ✅ Skipping (already exists)
🔄 Processing: GLASS13B01.V10.A2005233.2023068
  ✅ Skipping (already exists)
🔄 Processing: GLASS13B01.V10.A2005241.2023068
  ✅ Skipping (already exists)
🔄 Processing: GLASS13B01.V10.A2005249.2023068
  ✅ Skipping (already exists)
🔄 Processing: GLASS13B01.V10.A2005257.2023068
  ✅ Skipping (already exists)
🔄 Processing: GLASS13B01.V10.A2005265.2023068
  ✅ Skipping (already exists)
🔄 Processing: GLASS13B01.V10.A2005273.2023068
  ✅ Skipping (already exists)
🔄 Processing: GLASS13B01.V10.A2005281.2023068
  ✅ Skipping (already exists)
🔄 Processing: GLASS13B01.V10.A2005289.2023068
  ✅ Skipping (already exists)
🔄 Processing: GLASS13B01.V10.A2005297.2023068
  ✅ Skipping (already exists)
🔄 Processing: GLASS13B01.V10.A2005305.2023068
  ✅ Skipping (already exists)
🔄 Processing: GLASS13B01.V10.A2005313.2023068
  ✅ Skipping (already exists)
🔄 Processing: GLASS13B01.V10.A2005321.2023068
  ✅ Skipping (already exists)
🔄 Processing: GLASS13B01.V10.A2005329.2023068
  ✅ Skipping (already exists)
🔄 Processing: GLASS13B01.V10.A2005337.2023068
  ✅ Skipping (already exists)
🔄 Processing: GLASS13B01.V10.A2005345.2023068
  ✅ Skipping (already exists)
🔄 Processing: GLASS13B01.V10.A2005353.2023068
  ✅ Skipping (already exists)
🔄 Processing: GLASS13B01.V10.A2005361.2023068
  ✅ Skipping (already exists)
🔄 Processing: GLASS13B01.V10.A2006001.2023068
  ✅ Skipping (already exists)
🔄 Processing: GLASS13B01.V10.A2006009.2023068
  ✅ Skipping (already exists)
🔄 Processing: GLASS13B01.V10.A2006017.2023068
  ✅ Skipping (already exists)
🔄 Processing: GLASS13B01.V10.A2006025.2023068
  ✅ Skipping (already exists)
🔄 Processing: GLASS13B01.V10.A2006033.2023068
  ✅ Skipping (already exists)
🔄 Processing: GLASS13B01.V10.A2006041.2023068
  ✅ Skipping (already exists)
🔄 Processing: GLASS13B01.V10.A2006049.2023068
  ✅ Skipping (already exists)
🔄 Processing: GLASS13B01.V10.A2006057.2023068
  ✅ Skipping (already exists)
🔄 Processing: GLASS13B01.V10.A2006065.2023068
  ✅ Skipping (already exists)
🔄 Processing: GLASS13B01.V10.A2006073.2023068
  ✅ Skipping (already exists)
🔄 Processing: GLASS13B01.V10.A2006081.2023068
  ✅ Skipping (already exists)
🔄 Processing: GLASS13B01.V10.A2006089.2023068
  ✅ Skipping (already exists)
🔄 Processing: GLASS13B01.V10.A2006097.2023068
  ✅ Skipping (already exists)
🔄 Processing: GLASS13B01.V10.A2006105.2023068
  ✅ Skipping (already exists)
🔄 Processing: GLASS13B01.V10.A2006113.2023068
  ✅ Skipping (already exists)
🔄 Processing: GLASS13B01.V10.A2006121.2023068
  ✅ Skipping (already exists)
🔄 Processing: GLASS13B01.V10.A2006129.2023068
  ✅ Skipping (already exists)
🔄 Processing: GLASS13B01.V10.A2006137.2023068
  ✅ Skipping (already exists)
🔄 Processing: GLASS13B01.V10.A2006145.2023068
  ✅ Skipping (already exists)
🔄 Processing: GLASS13B01.V10.A2006153.2023068
  ✅ Skipping (already exists)
🔄 Processing: GLASS13B01.V10.A2006161.2023068
  ✅ Skipping (already exists)
🔄 Processing: GLASS13B01.V10.A2006169.2023068
  ✅ Skipping (already exists)
🔄 Processing: GLASS13B01.V10.A2006177.2023068
  ✅ Skipping (already exists)
🔄 Processing: GLASS13B01.V10.A2006185.2023068
  ✅ Skipping (already exists)
🔄 Processing: GLASS13B01.V10.A2006193.2023068
  ✅ Skipping (already exists)
🔄 Processing: GLASS13B01.V10.A2006201.2023068
  ✅ Skipping (already exists)
🔄 Processing: GLASS13B01.V10.A2006209.2023068
  ✅ Skipping (already exists)
🔄 Processing: GLASS13B01.V10.A2006217.2023068
  ✅ Skipping (already exists)
🔄 Processing: GLASS13B01.V10.A2006225.2023068
  ✅ Skipping (already exists)
🔄 Processing: GLASS13B01.V10.A2006233.2023068
  ✅ Skipping (already exists)
🔄 Processing: GLASS13B01.V10.A2006241.2023068
  ✅ Skipping (already exists)
🔄 Processing: GLASS13B01.V10.A2006249.2023068
  ✅ Skipping (already exists)
🔄 Processing: GLASS13B01.V10.A2006257.2023068
  ✅ Skipping (already exists)
🔄 Processing: GLASS13B01.V10.A2006265.2023068
  ✅ Skipping (already exists)
🔄 Processing: GLASS13B01.V10.A2006273.2023068
  ✅ Skipping (already exists)
🔄 Processing: GLASS13B01.V10.A2006281.2023068
  ✅ Skipping (already exists)
🔄 Processing: GLASS13B01.V10.A2006289.2023068
  ✅ Skipping (already exists)
🔄 Processing: GLASS13B01.V10.A2006297.2023068
  ✅ Skipping (already exists)
🔄 Processing: GLASS13B01.V10.A2006305.2023068
  ✅ Skipping (already exists)
🔄 Processing: GLASS13B01.V10.A2006313.2023068
  ✅ Skipping (already exists)
🔄 Processing: GLASS13B01.V10.A2006321.2023068
  ✅ Skipping (already exists)
🔄 Processing: GLASS13B01.V10.A2006329.2023068
  ✅ Skipping (already exists)
🔄 Processing: GLASS13B01.V10.A2006337.2023068
  ✅ Skipping (already exists)
🔄 Processing: GLASS13B01.V10.A2006345.2023068
  ✅ Skipping (already exists)
🔄 Processing: GLASS13B01.V10.A2006353.2023068
  ✅ Skipping (already exists)
🔄 Processing: GLASS13B01.V10.A2006361.2023068
  ✅ Skipping (already exists)
🔄 Processing: GLASS13B01.V10.A2007001.2023068
  ✅ Skipping (already exists)
🔄 Processing: GLASS13B01.V10.A2007009.2023068
  ✅ Success
🔄 Processing: GLASS13B01.V10.A2007017.2023068
  ✅ Skipping (already exists)
🔄 Processing: GLASS13B01.V10.A2007025.2023068
  ✅ Skipping (already exists)
🔄 Processing: GLASS13B01.V10.A2007033.2023068
  ✅ Skipping (already exists)
🔄 Processing: GLASS13B01.V10.A2007041.2023068
  ✅ Skipping (already exists)
🔄 Processing: GLASS13B01.V10.A2007049.2023068
  ✅ Skipping (already exists)
🔄 Processing: GLASS13B01.V10.A2007057.2023068
  ✅ Skipping (already exists)
🔄 Processing: GLASS13B01.V10.A2007065.2023068
  ✅ Skipping (already exists)
🔄 Processing: GLASS13B01.V10.A2007073.2023068
  ✅ Skipping (already exists)
🔄 Processing: GLASS13B01.V10.A2007081.2023068
  ✅ Skipping (already exists)
🔄 Processing: GLASS13B01.V10.A2007089.2023068
  ✅ Skipping (already exists)
🔄 Processing: GLASS13B01.V10.A2007097.2023068
  ✅ Skipping (already exists)
🔄 Processing: GLASS13B01.V10.A2007105.2023068
  ✅ Skipping (already exists)
🔄 Processing: GLASS13B01.V10.A2007113.2023068
  ✅ Skipping (already exists)
🔄 Processing: GLASS13B01.V10.A2007121.2023068
  ✅ Skipping (already exists)
🔄 Processing: GLASS13B01.V10.A2007129.2023068
  ✅ Skipping (already exists)
🔄 Processing: GLASS13B01.V10.A2007137.2023068
  ✅ Skipping (already exists)
🔄 Processing: GLASS13B01.V10.A2007145.2023068
  ✅ Skipping (already exists)
🔄 Processing: GLASS13B01.V10.A2007153.2023068
  ✅ Skipping (already exists)
🔄 Processing: GLASS13B01.V10.A2007161.2023068
  ✅ Skipping (already exists)
🔄 Processing: GLASS13B01.V10.A2007169.2023068
  ✅ Skipping (already exists)
🔄 Processing: GLASS13B01.V10.A2007177.2023068
  ✅ Skipping (already exists)
🔄 Processing: GLASS13B01.V10.A2007185.2023068
  ✅ Skipping (already exists)
🔄 Processing: GLASS13B01.V10.A2007193.2023068
  ✅ Skipping (already exists)
🔄 Processing: GLASS13B01.V10.A2007201.2023068
  ✅ Skipping (already exists)
🔄 Processing: GLASS13B01.V10.A2007209.2023068
  ✅ Skipping (already exists)
🔄 Processing: GLASS13B01.V10.A2007217.2023068
  ✅ Skipping (already exists)
🔄 Processing: GLASS13B01.V10.A2007225.2023068
  ✅ Skipping (already exists)
🔄 Processing: GLASS13B01.V10.A2007233.2023068
  ✅ Skipping (already exists)
🔄 Processing: GLASS13B01.V10.A2007241.2023068
  ✅ Skipping (already exists)
🔄 Processing: GLASS13B01.V10.A2007249.2023068
  ✅ Skipping (already exists)
🔄 Processing: GLASS13B01.V10.A2007257.2023068
  ✅ Skipping (already exists)
🔄 Processing: GLASS13B01.V10.A2007265.2023068
  ✅ Skipping (already exists)
🔄 Processing: GLASS13B01.V10.A2007273.2023068
  ✅ Skipping (already exists)
🔄 Processing: GLASS13B01.V10.A2007281.2023068
  ✅ Skipping (already exists)
🔄 Processing: GLASS13B01.V10.A2007289.2023068
  ✅ Skipping (already exists)
🔄 Processing: GLASS13B01.V10.A2007297.2023068
  ✅ Skipping (already exists)
🔄 Processing: GLASS13B01.V10.A2007305.2023068
  ✅ Skipping (already exists)
🔄 Processing: GLASS13B01.V10.A2007313.2023068
  ✅ Skipping (already exists)
🔄 Processing: GLASS13B01.V10.A2007321.2023068
  ✅ Skipping (already exists)
🔄 Processing: GLASS13B01.V10.A2007329.2023068
  ✅ Skipping (already exists)
🔄 Processing: GLASS13B01.V10.A2007337.2023068
  ✅ Skipping (already exists)
🔄 Processing: GLASS13B01.V10.A2007345.2023068
  ✅ Skipping (already exists)
🔄 Processing: GLASS13B01.V10.A2007353.2023068
  ✅ Skipping (already exists)
🔄 Processing: GLASS13B01.V10.A2007361.2023068
  ✅ Skipping (already exists)
🔄 Processing: GLASS13B01.V10.A2008001.2023068
  ✅ Skipping (already exists)
🔄 Processing: GLASS13B01.V10.A2008009.2023068
  ✅ Skipping (already exists)
🔄 Processing: GLASS13B01.V10.A2008017.2023068
  ✅ Skipping (already exists)
🔄 Processing: GLASS13B01.V10.A2008025.2023068
  ✅ Skipping (already exists)
🔄 Processing: GLASS13B01.V10.A2008033.2023068
  ✅ Skipping (already exists)
🔄 Processing: GLASS13B01.V10.A2008041.2023068
  ✅ Skipping (already exists)
🔄 Processing: GLASS13B01.V10.A2008049.2023068
  ✅ Skipping (already exists)
🔄 Processing: GLASS13B01.V10.A2008057.2023068
  ✅ Skipping (already exists)
🔄 Processing: GLASS13B01.V10.A2008065.2023068
  ✅ Skipping (already exists)
🔄 Processing: GLASS13B01.V10.A2008073.2023068
  ✅ Skipping (already exists)
🔄 Processing: GLASS13B01.V10.A2008081.2023068
  ✅ Skipping (already exists)
🔄 Processing: GLASS13B01.V10.A2008089.2023068
  ✅ Skipping (already exists)
🔄 Processing: GLASS13B01.V10.A2008097.2023068
  ✅ Skipping (already exists)
🔄 Processing: GLASS13B01.V10.A2008105.2023068
  ✅ Skipping (already exists)
🔄 Processing: GLASS13B01.V10.A2008113.2023068
  ✅ Skipping (already exists)
🔄 Processing: GLASS13B01.V10.A2008121.2023068
  ✅ Skipping (already exists)
🔄 Processing: GLASS13B01.V10.A2008129.2023068
  ✅ Skipping (already exists)
🔄 Processing: GLASS13B01.V10.A2008137.2023068
  ✅ Skipping (already exists)
🔄 Processing: GLASS13B01.V10.A2008145.2023068
  ✅ Skipping (already exists)
🔄 Processing: GLASS13B01.V10.A2008153.2023068
  ✅ Skipping (already exists)
🔄 Processing: GLASS13B01.V10.A2008161.2023068
  ✅ Skipping (already exists)
🔄 Processing: GLASS13B01.V10.A2008169.2023068
  ✅ Skipping (already exists)
🔄 Processing: GLASS13B01.V10.A2008177.2023068
  ✅ Skipping (already exists)
🔄 Processing: GLASS13B01.V10.A2008185.2023068
  ✅ Skipping (already exists)
🔄 Processing: GLASS13B01.V10.A2008193.2023068
  ✅ Skipping (already exists)
🔄 Processing: GLASS13B01.V10.A2008201.2023068
  ✅ Skipping (already exists)
🔄 Processing: GLASS13B01.V10.A2008209.2023068
  ✅ Skipping (already exists)
🔄 Processing: GLASS13B01.V10.A2008217.2023068
  ✅ Skipping (already exists)
🔄 Processing: GLASS13B01.V10.A2008225.2023068
  ✅ Skipping (already exists)
🔄 Processing: GLASS13B01.V10.A2008233.2023068
  ✅ Skipping (already exists)
🔄 Processing: GLASS13B01.V10.A2008241.2023068
  ✅ Skipping (already exists)
🔄 Processing: GLASS13B01.V10.A2008249.2023068
  ✅ Skipping (already exists)
🔄 Processing: GLASS13B01.V10.A2008257.2023068
  ✅ Skipping (already exists)
🔄 Processing: GLASS13B01.V10.A2008265.2023068
  ✅ Success
🔄 Processing: GLASS13B01.V10.A2008273.2023068
  ✅ Skipping (already exists)
🔄 Processing: GLASS13B01.V10.A2008281.2023068
  ✅ Skipping (already exists)
🔄 Processing: GLASS13B01.V10.A2008289.2023068
  ✅ Skipping (already exists)
🔄 Processing: GLASS13B01.V10.A2008297.2023068
  ✅ Skipping (already exists)
🔄 Processing: GLASS13B01.V10.A2008305.2023068
  ✅ Skipping (already exists)
🔄 Processing: GLASS13B01.V10.A2008313.2023068
  ✅ Skipping (already exists)
🔄 Processing: GLASS13B01.V10.A2008321.2023068
  ✅ Skipping (already exists)
🔄 Processing: GLASS13B01.V10.A2008329.2023068
  ✅ Skipping (already exists)
🔄 Processing: GLASS13B01.V10.A2008337.2023068
  ✅ Skipping (already exists)
🔄 Processing: GLASS13B01.V10.A2008345.2023068
  ✅ Skipping (already exists)
🔄 Processing: GLASS13B01.V10.A2008353.2023068
  ✅ Skipping (already exists)
🔄 Processing: GLASS13B01.V10.A2008361.2023068
  ✅ Skipping (already exists)
🔄 Processing: GLASS13B01.V10.A2009001.2023068
  ✅ Skipping (already exists)
🔄 Processing: GLASS13B01.V10.A2009009.2023068
  ✅ Skipping (already exists)
🔄 Processing: GLASS13B01.V10.A2009017.2023068
  ✅ Skipping (already exists)
🔄 Processing: GLASS13B01.V10.A2009025.2023068
  ✅ Skipping (already exists)
🔄 Processing: GLASS13B01.V10.A2009033.2023068
  ✅ Skipping (already exists)
🔄 Processing: GLASS13B01.V10.A2009041.2023068
  ✅ Skipping (already exists)
🔄 Processing: GLASS13B01.V10.A2009049.2023068
  ✅ Skipping (already exists)
🔄 Processing: GLASS13B01.V10.A2009057.2023068
  ✅ Skipping (already exists)
🔄 Processing: GLASS13B01.V10.A2009065.2023068
  ✅ Skipping (already exists)
🔄 Processing: GLASS13B01.V10.A2009073.2023068
  ✅ Success
🔄 Processing: GLASS13B01.V10.A2009081.2023068
  ✅ Skipping (already exists)
🔄 Processing: GLASS13B01.V10.A2009089.2023068
  ✅ Skipping (already exists)
🔄 Processing: GLASS13B01.V10.A2009097.2023068
  ✅ Skipping (already exists)
🔄 Processing: GLASS13B01.V10.A2009105.2023068
  ✅ Skipping (already exists)
🔄 Processing: GLASS13B01.V10.A2009113.2023068
  ✅ Skipping (already exists)
🔄 Processing: GLASS13B01.V10.A2009121.2023068
  ✅ Success
🔄 Processing: GLASS13B01.V10.A2009129.2023068
  ✅ Skipping (already exists)
🔄 Processing: GLASS13B01.V10.A2009137.2023068
  ✅ Skipping (already exists)
🔄 Processing: GLASS13B01.V10.A2009145.2023068
  ✅ Skipping (already exists)
🔄 Processing: GLASS13B01.V10.A2009153.2023068
  ✅ Success
🔄 Processing: GLASS13B01.V10.A2009161.2023068
  ✅ Skipping (already exists)
🔄 Processing: GLASS13B01.V10.A2009169.2023068
  ✅ Skipping (already exists)
🔄 Processing: GLASS13B01.V10.A2009177.2023068
  ✅ Skipping (already exists)
🔄 Processing: GLASS13B01.V10.A2009185.2023068
  ✅ Skipping (already exists)
🔄 Processing: GLASS13B01.V10.A2009193.2023068
  ✅ Skipping (already exists)
🔄 Processing: GLASS13B01.V10.A2009201.2023068
  ✅ Skipping (already exists)
🔄 Processing: GLASS13B01.V10.A2009209.2023068
  ✅ Skipping (already exists)
🔄 Processing: GLASS13B01.V10.A2009217.2023068
  ✅ Skipping (already exists)
🔄 Processing: GLASS13B01.V10.A2009225.2023068
  ✅ Skipping (already exists)
🔄 Processing: GLASS13B01.V10.A2009233.2023068
  ✅ Skipping (already exists)
🔄 Processing: GLASS13B01.V10.A2009241.2023068
  ✅ Skipping (already exists)
🔄 Processing: GLASS13B01.V10.A2009249.2023068
  ✅ Success
🔄 Processing: GLASS13B01.V10.A2009257.2023068
  ✅ Skipping (already exists)
🔄 Processing: GLASS13B01.V10.A2009265.2023068
  ✅ Skipping (already exists)
🔄 Processing: GLASS13B01.V10.A2009273.2023068
  ✅ Skipping (already exists)
🔄 Processing: GLASS13B01.V10.A2009281.2023068
  ✅ Skipping (already exists)
🔄 Processing: GLASS13B01.V10.A2009289.2023068
  ✅ Skipping (already exists)
🔄 Processing: GLASS13B01.V10.A2009297.2023068
  ✅ Skipping (already exists)
🔄 Processing: GLASS13B01.V10.A2009305.2023068
  ✅ Skipping (already exists)
🔄 Processing: GLASS13B01.V10.A2009313.2023068
  ✅ Success
🔄 Processing: GLASS13B01.V10.A2009321.2023068
  ✅ Skipping (already exists)
🔄 Processing: GLASS13B01.V10.A2009329.2023068
  ✅ Skipping (already exists)
🔄 Processing: GLASS13B01.V10.A2009337.2023068
  ✅ Skipping (already exists)
🔄 Processing: GLASS13B01.V10.A2009345.2023068
  ✅ Skipping (already exists)
🔄 Processing: GLASS13B01.V10.A2009353.2023068
  ✅ Skipping (already exists)
🔄 Processing: GLASS13B01.V10.A2009361.2023068
  ✅ Skipping (already exists)
🔄 Processing: GLASS13B01.V10.A2010001.2023068
  ✅ Success
🔄 Processing: GLASS13B01.V10.A2010009.2023068
  ✅ Skipping (already exists)
🔄 Processing: GLASS13B01.V10.A2010017.2023068
  ✅ Skipping (already exists)
🔄 Processing: GLASS13B01.V10.A2010025.2023068
  ✅ Skipping (already exists)
🔄 Processing: GLASS13B01.V10.A2010033.2023068
  ✅ Skipping (already exists)
🔄 Processing: GLASS13B01.V10.A2010041.2023068
  ✅ Skipping (already exists)
🔄 Processing: GLASS13B01.V10.A2010049.2023068
  ✅ Skipping (already exists)
🔄 Processing: GLASS13B01.V10.A2010057.2023068
  ✅ Skipping (already exists)
🔄 Processing: GLASS13B01.V10.A2010065.2023068
  ✅ Skipping (already exists)
🔄 Processing: GLASS13B01.V10.A2010073.2023068
  ✅ Skipping (already exists)
🔄 Processing: GLASS13B01.V10.A2010081.2023068
  ✅ Skipping (already exists)
🔄 Processing: GLASS13B01.V10.A2010089.2023068
  ✅ Skipping (already exists)
🔄 Processing: GLASS13B01.V10.A2010097.2023068
  ✅ Skipping (already exists)
🔄 Processing: GLASS13B01.V10.A2010105.2023068
  ✅ Skipping (already exists)
🔄 Processing: GLASS13B01.V10.A2010113.2023068
  ✅ Success
🔄 Processing: GLASS13B01.V10.A2010121.2023068
  ✅ Skipping (already exists)
🔄 Processing: GLASS13B01.V10.A2010129.2023068
  ✅ Skipping (already exists)
🔄 Processing: GLASS13B01.V10.A2010137.2023068
  ✅ Skipping (already exists)
🔄 Processing: GLASS13B01.V10.A2010145.2023068
  ✅ Skipping (already exists)
🔄 Processing: GLASS13B01.V10.A2010153.2023068
  ✅ Skipping (already exists)
🔄 Processing: GLASS13B01.V10.A2010161.2023068
  ✅ Success
🔄 Processing: GLASS13B01.V10.A2010169.2023068
  ✅ Skipping (already exists)
🔄 Processing: GLASS13B01.V10.A2010177.2023068
  ✅ Skipping (already exists)
🔄 Processing: GLASS13B01.V10.A2010185.2023068
  ✅ Skipping (already exists)
🔄 Processing: GLASS13B01.V10.A2010193.2023068
  ✅ Skipping (already exists)
🔄 Processing: GLASS13B01.V10.A2010201.2023068
  ✅ Skipping (already exists)
🔄 Processing: GLASS13B01.V10.A2010209.2023068
  ✅ Skipping (already exists)
🔄 Processing: GLASS13B01.V10.A2010217.2023068
  ✅ Skipping (already exists)
🔄 Processing: GLASS13B01.V10.A2010225.2023068
  ✅ Skipping (already exists)
🔄 Processing: GLASS13B01.V10.A2010233.2023068
  ✅ Success
🔄 Processing: GLASS13B01.V10.A2010241.2023068
  ✅ Success
🔄 Processing: GLASS13B01.V10.A2010249.2023068
  ✅ Skipping (already exists)
🔄 Processing: GLASS13B01.V10.A2010257.2023068
  ✅ Skipping (already exists)
🔄 Processing: GLASS13B01.V10.A2010265.2023068
  ✅ Skipping (already exists)
🔄 Processing: GLASS13B01.V10.A2010273.2023068
  ✅ Skipping (already exists)
🔄 Processing: GLASS13B01.V10.A2010281.2023068
  ✅ Skipping (already exists)
🔄 Processing: GLASS13B01.V10.A2010289.2023068
  ✅ Success
🔄 Processing: GLASS13B01.V10.A2010297.2023068
  ✅ Skipping (already exists)
🔄 Processing: GLASS13B01.V10.A2010305.2023068
  ✅ Skipping (already exists)
🔄 Processing: GLASS13B01.V10.A2010313.2023068
  ✅ Success
🔄 Processing: GLASS13B01.V10.A2010321.2023068
  ✅ Skipping (already exists)
🔄 Processing: GLASS13B01.V10.A2010329.2023068
  ✅ Skipping (already exists)
🔄 Processing: GLASS13B01.V10.A2010337.2023068
  ✅ Skipping (already exists)
🔄 Processing: GLASS13B01.V10.A2010345.2023068
  ✅ Success
🔄 Processing: GLASS13B01.V10.A2010353.2023068
  ✅ Skipping (already exists)
🔄 Processing: GLASS13B01.V10.A2010361.2023068
  ✅ Skipping (already exists)
🔄 Processing: GLASS13B01.V10.A2011001.2023068
  ✅ Skipping (already exists)
🔄 Processing: GLASS13B01.V10.A2011009.2023068
  ✅ Skipping (already exists)
🔄 Processing: GLASS13B01.V10.A2011017.2023068
  ✅ Skipping (already exists)
🔄 Processing: GLASS13B01.V10.A2011025.2023068
  ✅ Skipping (already exists)
🔄 Processing: GLASS13B01.V10.A2011033.2023068
  ✅ Skipping (already exists)
🔄 Processing: GLASS13B01.V10.A2011041.2023068
  ✅ Skipping (already exists)
🔄 Processing: GLASS13B01.V10.A2011049.2023068
  ✅ Skipping (already exists)
🔄 Processing: GLASS13B01.V10.A2011057.2023068
  ✅ Skipping (already exists)
🔄 Processing: GLASS13B01.V10.A2011065.2023068
  ✅ Skipping (already exists)
🔄 Processing: GLASS13B01.V10.A2011073.2023068
  ✅ Skipping (already exists)
🔄 Processing: GLASS13B01.V10.A2011081.2023068
  ✅ Skipping (already exists)
🔄 Processing: GLASS13B01.V10.A2011089.2023068
  ✅ Skipping (already exists)
🔄 Processing: GLASS13B01.V10.A2011097.2023068
  ✅ Skipping (already exists)
🔄 Processing: GLASS13B01.V10.A2011105.2023068
  ✅ Success
🔄 Processing: GLASS13B01.V10.A2011113.2023068
  ✅ Skipping (already exists)
🔄 Processing: GLASS13B01.V10.A2011121.2023068
  ✅ Skipping (already exists)
🔄 Processing: GLASS13B01.V10.A2011129.2023068
  ✅ Skipping (already exists)
🔄 Processing: GLASS13B01.V10.A2011137.2023068
  ✅ Skipping (already exists)
🔄 Processing: GLASS13B01.V10.A2011145.2023068
  ✅ Success
🔄 Processing: GLASS13B01.V10.A2011153.2023068
  ✅ Skipping (already exists)
🔄 Processing: GLASS13B01.V10.A2011161.2023068
  ✅ Skipping (already exists)
🔄 Processing: GLASS13B01.V10.A2011169.2023068
  ✅ Success
🔄 Processing: GLASS13B01.V10.A2011177.2023068
  ✅ Skipping (already exists)
🔄 Processing: GLASS13B01.V10.A2011185.2023068
  ✅ Skipping (already exists)
🔄 Processing: GLASS13B01.V10.A2011193.2023068
  ✅ Skipping (already exists)
🔄 Processing: GLASS13B01.V10.A2011201.2023068
  ✅ Skipping (already exists)
🔄 Processing: GLASS13B01.V10.A2011209.2023068
  ✅ Success
🔄 Processing: GLASS13B01.V10.A2011217.2023068
  ✅ Skipping (already exists)
🔄 Processing: GLASS13B01.V10.A2011225.2023068
  ✅ Skipping (already exists)
🔄 Processing: GLASS13B01.V10.A2011233.2023068
  ✅ Success
🔄 Processing: GLASS13B01.V10.A2011241.2023068
  ✅ Success
🔄 Processing: GLASS13B01.V10.A2011249.2023068
  ✅ Skipping (already exists)
🔄 Processing: GLASS13B01.V10.A2011257.2023068
  ✅ Skipping (already exists)
🔄 Processing: GLASS13B01.V10.A2011265.2023068
  ✅ Skipping (already exists)
🔄 Processing: GLASS13B01.V10.A2011273.2023068
  ✅ Skipping (already exists)
🔄 Processing: GLASS13B01.V10.A2011281.2023068
  ✅ Skipping (already exists)
🔄 Processing: GLASS13B01.V10.A2011289.2023068
  ✅ Skipping (already exists)
🔄 Processing: GLASS13B01.V10.A2011297.2023068
  ✅ Skipping (already exists)
🔄 Processing: GLASS13B01.V10.A2011305.2023068
  ✅ Skipping (already exists)
🔄 Processing: GLASS13B01.V10.A2011313.2023068
  ✅ Skipping (already exists)
🔄 Processing: GLASS13B01.V10.A2011321.2023068
  ✅ Skipping (already exists)
🔄 Processing: GLASS13B01.V10.A2011329.2023068
  ✅ Skipping (already exists)
🔄 Processing: GLASS13B01.V10.A2011337.2023068
  ✅ Skipping (already exists)
🔄 Processing: GLASS13B01.V10.A2011345.2023068
  ✅ Skipping (already exists)
🔄 Processing: GLASS13B01.V10.A2011353.2023068
  ✅ Skipping (already exists)
🔄 Processing: GLASS13B01.V10.A2011361.2023068
  ✅ Skipping (already exists)
🔄 Processing: GLASS13B01.V10.A2012001.2023068
  ✅ Skipping (already exists)
🔄 Processing: GLASS13B01.V10.A2012009.2023068
  ✅ Success
🔄 Processing: GLASS13B01.V10.A2012017.2023068
  ✅ Skipping (already exists)
🔄 Processing: GLASS13B01.V10.A2012025.2023068
  ✅ Skipping (already exists)
🔄 Processing: GLASS13B01.V10.A2012033.2023068
  ✅ Skipping (already exists)
🔄 Processing: GLASS13B01.V10.A2012041.2023068
  ✅ Success
🔄 Processing: GLASS13B01.V10.A2012049.2023068
  ✅ Skipping (already exists)
🔄 Processing: GLASS13B01.V10.A2012057.2023068
  ✅ Skipping (already exists)
🔄 Processing: GLASS13B01.V10.A2012065.2023068
  ✅ Skipping (already exists)
🔄 Processing: GLASS13B01.V10.A2012073.2023068
  ✅ Skipping (already exists)
🔄 Processing: GLASS13B01.V10.A2012081.2023068
  ✅ Skipping (already exists)
🔄 Processing: GLASS13B01.V10.A2012089.2023068
  ✅ Skipping (already exists)
🔄 Processing: GLASS13B01.V10.A2012097.2023068
  ✅ Skipping (already exists)
🔄 Processing: GLASS13B01.V10.A2012105.2023068
  ✅ Skipping (already exists)
🔄 Processing: GLASS13B01.V10.A2012113.2023068
  ✅ Skipping (already exists)
🔄 Processing: GLASS13B01.V10.A2012121.2023068
  ✅ Skipping (already exists)
🔄 Processing: GLASS13B01.V10.A2012129.2023068
  ✅ Skipping (already exists)
🔄 Processing: GLASS13B01.V10.A2012137.2023068
  ✅ Skipping (already exists)
🔄 Processing: GLASS13B01.V10.A2012145.2023068
  ✅ Skipping (already exists)
🔄 Processing: GLASS13B01.V10.A2012153.2023068
  ✅ Skipping (already exists)
🔄 Processing: GLASS13B01.V10.A2012161.2023068
  ✅ Skipping (already exists)
🔄 Processing: GLASS13B01.V10.A2012169.2023068
  ✅ Skipping (already exists)
🔄 Processing: GLASS13B01.V10.A2012177.2023068
  ✅ Skipping (already exists)
🔄 Processing: GLASS13B01.V10.A2012185.2023068
  ✅ Skipping (already exists)
🔄 Processing: GLASS13B01.V10.A2012193.2023068
  ✅ Skipping (already exists)
🔄 Processing: GLASS13B01.V10.A2012201.2023068
  ✅ Skipping (already exists)
🔄 Processing: GLASS13B01.V10.A2012209.2023068
  ✅ Skipping (already exists)
🔄 Processing: GLASS13B01.V10.A2012217.2023068
  ✅ Skipping (already exists)
🔄 Processing: GLASS13B01.V10.A2012225.2023068
  ✅ Skipping (already exists)
🔄 Processing: GLASS13B01.V10.A2012233.2023068
  ✅ Skipping (already exists)
🔄 Processing: GLASS13B01.V10.A2012241.2023068
  ✅ Skipping (already exists)
🔄 Processing: GLASS13B01.V10.A2012249.2023068
  ✅ Skipping (already exists)
🔄 Processing: GLASS13B01.V10.A2012257.2023068
  ✅ Skipping (already exists)
🔄 Processing: GLASS13B01.V10.A2012265.2023068
  ✅ Skipping (already exists)
🔄 Processing: GLASS13B01.V10.A2012273.2023068
  ✅ Skipping (already exists)
🔄 Processing: GLASS13B01.V10.A2012281.2023068
  ✅ Skipping (already exists)
🔄 Processing: GLASS13B01.V10.A2012289.2023068
  ✅ Skipping (already exists)
🔄 Processing: GLASS13B01.V10.A2012297.2023068
  ✅ Skipping (already exists)
🔄 Processing: GLASS13B01.V10.A2012305.2023068
  ✅ Skipping (already exists)
🔄 Processing: GLASS13B01.V10.A2012313.2023068
  ✅ Skipping (already exists)
🔄 Processing: GLASS13B01.V10.A2012321.2023068
  ✅ Skipping (already exists)
🔄 Processing: GLASS13B01.V10.A2012329.2023068
  ✅ Skipping (already exists)
🔄 Processing: GLASS13B01.V10.A2012337.2023068
  ✅ Success
🔄 Processing: GLASS13B01.V10.A2012345.2023068
  ✅ Success
🔄 Processing: GLASS13B01.V10.A2012353.2023068
  ✅ Skipping (already exists)
🔄 Processing: GLASS13B01.V10.A2012361.2023068
  ✅ Skipping (already exists)
🔄 Processing: GLASS13B01.V10.A2013001.2023068
  ✅ Skipping (already exists)
🔄 Processing: GLASS13B01.V10.A2013009.2023068
  ✅ Skipping (already exists)
🔄 Processing: GLASS13B01.V10.A2013017.2023068
  ✅ Skipping (already exists)
🔄 Processing: GLASS13B01.V10.A2013025.2023068
  ✅ Skipping (already exists)
🔄 Processing: GLASS13B01.V10.A2013033.2023068
  ✅ Success
🔄 Processing: GLASS13B01.V10.A2013041.2023068
  ✅ Skipping (already exists)
🔄 Processing: GLASS13B01.V10.A2013049.2023068
  ✅ Skipping (already exists)
🔄 Processing: GLASS13B01.V10.A2013057.2023068
  ✅ Skipping (already exists)
🔄 Processing: GLASS13B01.V10.A2013065.2023068
  ✅ Skipping (already exists)
🔄 Processing: GLASS13B01.V10.A2013073.2023068
  ✅ Skipping (already exists)
🔄 Processing: GLASS13B01.V10.A2013081.2023068
  ✅ Skipping (already exists)
🔄 Processing: GLASS13B01.V10.A2013089.2023068
  ✅ Skipping (already exists)
🔄 Processing: GLASS13B01.V10.A2013097.2023068
  ✅ Success
🔄 Processing: GLASS13B01.V10.A2013105.2023068
  ✅ Skipping (already exists)
🔄 Processing: GLASS13B01.V10.A2013113.2023068
  ✅ Skipping (already exists)
🔄 Processing: GLASS13B01.V10.A2013121.2023068
  ✅ Skipping (already exists)
🔄 Processing: GLASS13B01.V10.A2013129.2023068
  ✅ Skipping (already exists)
🔄 Processing: GLASS13B01.V10.A2013137.2023068
  ✅ Success
🔄 Processing: GLASS13B01.V10.A2013145.2023068
  ✅ Skipping (already exists)
🔄 Processing: GLASS13B01.V10.A2013153.2023068
  ✅ Skipping (already exists)
🔄 Processing: GLASS13B01.V10.A2013161.2023068
  ✅ Success
🔄 Processing: GLASS13B01.V10.A2013169.2023068
  ✅ Skipping (already exists)
🔄 Processing: GLASS13B01.V10.A2013177.2023068
  ✅ Skipping (already exists)
🔄 Processing: GLASS13B01.V10.A2013185.2023068
  ✅ Skipping (already exists)
🔄 Processing: GLASS13B01.V10.A2013193.2023068
  ✅ Skipping (already exists)
🔄 Processing: GLASS13B01.V10.A2013201.2023068
  ✅ Skipping (already exists)
🔄 Processing: GLASS13B01.V10.A2013209.2023068
  ✅ Skipping (already exists)
🔄 Processing: GLASS13B01.V10.A2013217.2023068
  ✅ Success
🔄 Processing: GLASS13B01.V10.A2013225.2023068
  ✅ Skipping (already exists)
🔄 Processing: GLASS13B01.V10.A2013233.2023068
  ✅ Skipping (already exists)
🔄 Processing: GLASS13B01.V10.A2013241.2023068
  ✅ Skipping (already exists)
🔄 Processing: GLASS13B01.V10.A2013249.2023068
  ✅ Skipping (already exists)
🔄 Processing: GLASS13B01.V10.A2013257.2023068
  ✅ Skipping (already exists)
🔄 Processing: GLASS13B01.V10.A2013265.2023068
  ✅ Skipping (already exists)
🔄 Processing: GLASS13B01.V10.A2013273.2023068
  ✅ Success
🔄 Processing: GLASS13B01.V10.A2013281.2023068
  ✅ Skipping (already exists)
🔄 Processing: GLASS13B01.V10.A2013289.2023068
  ✅ Skipping (already exists)
🔄 Processing: GLASS13B01.V10.A2013297.2023068
  ✅ Skipping (already exists)
🔄 Processing: GLASS13B01.V10.A2013305.2023068
  ✅ Success
🔄 Processing: GLASS13B01.V10.A2013313.2023068
  ✅ Skipping (already exists)
🔄 Processing: GLASS13B01.V10.A2013321.2023068
  ✅ Skipping (already exists)
🔄 Processing: GLASS13B01.V10.A2013329.2023068
  ✅ Skipping (already exists)
🔄 Processing: GLASS13B01.V10.A2013337.2023068
  ✅ Skipping (already exists)
🔄 Processing: GLASS13B01.V10.A2013345.2023068
  ✅ Skipping (already exists)
🔄 Processing: GLASS13B01.V10.A2013353.2023068
  ✅ Skipping (already exists)
🔄 Processing: GLASS13B01.V10.A2013361.2023068
  ✅ Skipping (already exists)
🔄 Processing: GLASS13B01.V10.A2014001.2023068
  ✅ Skipping (already exists)
🔄 Processing: GLASS13B01.V10.A2014009.2023068
  ✅ Success
🔄 Processing: GLASS13B01.V10.A2014017.2023068
  ✅ Skipping (already exists)
🔄 Processing: GLASS13B01.V10.A2014025.2023068
  ✅ Skipping (already exists)
🔄 Processing: GLASS13B01.V10.A2014033.2023068
  ✅ Skipping (already exists)
🔄 Processing: GLASS13B01.V10.A2014041.2023068
  ✅ Skipping (already exists)
🔄 Processing: GLASS13B01.V10.A2014049.2023068
  ✅ Skipping (already exists)
🔄 Processing: GLASS13B01.V10.A2014057.2023068
  ✅ Skipping (already exists)
🔄 Processing: GLASS13B01.V10.A2014065.2023068
  ✅ Skipping (already exists)
🔄 Processing: GLASS13B01.V10.A2014073.2023068
  ✅ Skipping (already exists)
🔄 Processing: GLASS13B01.V10.A2014081.2023068
  ✅ Skipping (already exists)
🔄 Processing: GLASS13B01.V10.A2014089.2023068
  ✅ Skipping (already exists)
🔄 Processing: GLASS13B01.V10.A2014097.2023068
  ✅ Skipping (already exists)
🔄 Processing: GLASS13B01.V10.A2014105.2023068
  ✅ Skipping (already exists)
🔄 Processing: GLASS13B01.V10.A2014113.2023068
  ✅ Skipping (already exists)
🔄 Processing: GLASS13B01.V10.A2014121.2023068
  ✅ Skipping (already exists)
🔄 Processing: GLASS13B01.V10.A2014129.2023068
  ✅ Skipping (already exists)
🔄 Processing: GLASS13B01.V10.A2014137.2023068
  ✅ Skipping (already exists)
🔄 Processing: GLASS13B01.V10.A2014145.2023068
  ✅ Skipping (already exists)
🔄 Processing: GLASS13B01.V10.A2014153.2023068
  ✅ Skipping (already exists)
🔄 Processing: GLASS13B01.V10.A2014161.2023068
  ✅ Skipping (already exists)
🔄 Processing: GLASS13B01.V10.A2014169.2023068
  ✅ Skipping (already exists)
🔄 Processing: GLASS13B01.V10.A2014177.2023068
  ✅ Skipping (already exists)
🔄 Processing: GLASS13B01.V10.A2014185.2023068
  ✅ Skipping (already exists)
🔄 Processing: GLASS13B01.V10.A2014193.2023068
  ✅ Skipping (already exists)
🔄 Processing: GLASS13B01.V10.A2014201.2023068
  ✅ Skipping (already exists)
🔄 Processing: GLASS13B01.V10.A2014209.2023068
  ✅ Skipping (already exists)
🔄 Processing: GLASS13B01.V10.A2014217.2023068
  ✅ Skipping (already exists)
🔄 Processing: GLASS13B01.V10.A2014225.2023068
  ✅ Skipping (already exists)
🔄 Processing: GLASS13B01.V10.A2014233.2023068
  ✅ Skipping (already exists)
🔄 Processing: GLASS13B01.V10.A2014241.2023068
  ✅ Success
🔄 Processing: GLASS13B01.V10.A2014249.2023068
  ✅ Skipping (already exists)
🔄 Processing: GLASS13B01.V10.A2014257.2023068
  ✅ Skipping (already exists)
🔄 Processing: GLASS13B01.V10.A2014265.2023068
  ✅ Skipping (already exists)
🔄 Processing: GLASS13B01.V10.A2014273.2023068
  ✅ Skipping (already exists)
🔄 Processing: GLASS13B01.V10.A2014281.2023068
  ✅ Skipping (already exists)
🔄 Processing: GLASS13B01.V10.A2014289.2023068
  ✅ Skipping (already exists)
🔄 Processing: GLASS13B01.V10.A2014297.2023068
  ✅ Skipping (already exists)
🔄 Processing: GLASS13B01.V10.A2014305.2023068
  ✅ Skipping (already exists)
🔄 Processing: GLASS13B01.V10.A2014313.2023068
  ✅ Skipping (already exists)
🔄 Processing: GLASS13B01.V10.A2014321.2023068
  ✅ Success
🔄 Processing: GLASS13B01.V10.A2014329.2023068
  ✅ Skipping (already exists)
🔄 Processing: GLASS13B01.V10.A2014337.2023068
  ✅ Skipping (already exists)
🔄 Processing: GLASS13B01.V10.A2014345.2023068
  ✅ Success
🔄 Processing: GLASS13B01.V10.A2014353.2023068
  ✅ Skipping (already exists)
🔄 Processing: GLASS13B01.V10.A2014361.2023068
  ✅ Skipping (already exists)
🔄 Processing: GLASS13B01.V10.A2015001.2023068
  ✅ Skipping (already exists)
🔄 Processing: GLASS13B01.V10.A2015009.2023068
  ✅ Skipping (already exists)
🔄 Processing: GLASS13B01.V10.A2015017.2023068
  ✅ Skipping (already exists)
🔄 Processing: GLASS13B01.V10.A2015025.2023068
  ✅ Skipping (already exists)
🔄 Processing: GLASS13B01.V10.A2015033.2023068
  ✅ Skipping (already exists)
🔄 Processing: GLASS13B01.V10.A2015041.2023068
  ✅ Skipping (already exists)
🔄 Processing: GLASS13B01.V10.A2015049.2023068
  ✅ Skipping (already exists)
🔄 Processing: GLASS13B01.V10.A2015057.2023068
  ✅ Skipping (already exists)
🔄 Processing: GLASS13B01.V10.A2015065.2023068
  ✅ Skipping (already exists)
🔄 Processing: GLASS13B01.V10.A2015073.2023068
  ✅ Skipping (already exists)
🔄 Processing: GLASS13B01.V10.A2015081.2023068
  ✅ Skipping (already exists)
🔄 Processing: GLASS13B01.V10.A2015089.2023068
  ✅ Skipping (already exists)
🔄 Processing: GLASS13B01.V10.A2015097.2023068
  ✅ Skipping (already exists)
🔄 Processing: GLASS13B01.V10.A2015105.2023068
  ✅ Skipping (already exists)
🔄 Processing: GLASS13B01.V10.A2015113.2023068
  ✅ Skipping (already exists)
🔄 Processing: GLASS13B01.V10.A2015121.2023068
  ✅ Skipping (already exists)
🔄 Processing: GLASS13B01.V10.A2015129.2023068
  ✅ Skipping (already exists)
🔄 Processing: GLASS13B01.V10.A2015137.2023068
  ✅ Skipping (already exists)
🔄 Processing: GLASS13B01.V10.A2015145.2023068
  ✅ Skipping (already exists)
🔄 Processing: GLASS13B01.V10.A2015153.2023068
  ✅ Skipping (already exists)
🔄 Processing: GLASS13B01.V10.A2015161.2023068
  ✅ Skipping (already exists)
🔄 Processing: GLASS13B01.V10.A2015169.2023068
  ✅ Skipping (already exists)
🔄 Processing: GLASS13B01.V10.A2015177.2023068
  ✅ Skipping (already exists)
🔄 Processing: GLASS13B01.V10.A2015185.2023068
  ✅ Skipping (already exists)
🔄 Processing: GLASS13B01.V10.A2015193.2023068
  ✅ Skipping (already exists)
🔄 Processing: GLASS13B01.V10.A2015201.2023068
  ✅ Skipping (already exists)
🔄 Processing: GLASS13B01.V10.A2015209.2023068
  ✅ Skipping (already exists)
🔄 Processing: GLASS13B01.V10.A2015217.2023068
  ✅ Skipping (already exists)
🔄 Processing: GLASS13B01.V10.A2015225.2023068
  ✅ Skipping (already exists)
🔄 Processing: GLASS13B01.V10.A2015233.2023068
  ✅ Skipping (already exists)
🔄 Processing: GLASS13B01.V10.A2015241.2023068
  ✅ Skipping (already exists)
🔄 Processing: GLASS13B01.V10.A2015249.2023068
  ✅ Skipping (already exists)
🔄 Processing: GLASS13B01.V10.A2015257.2023068
  ✅ Skipping (already exists)
🔄 Processing: GLASS13B01.V10.A2015265.2023068
  ✅ Skipping (already exists)
🔄 Processing: GLASS13B01.V10.A2015273.2023068
  ✅ Skipping (already exists)
🔄 Processing: GLASS13B01.V10.A2015281.2023068
  ✅ Skipping (already exists)
🔄 Processing: GLASS13B01.V10.A2015289.2023068
  ✅ Skipping (already exists)
🔄 Processing: GLASS13B01.V10.A2015297.2023068
  ✅ Skipping (already exists)
🔄 Processing: GLASS13B01.V10.A2015305.2023068
  ✅ Skipping (already exists)
🔄 Processing: GLASS13B01.V10.A2015313.2023068
  ✅ Skipping (already exists)
🔄 Processing: GLASS13B01.V10.A2015321.2023068
  ✅ Skipping (already exists)
🔄 Processing: GLASS13B01.V10.A2015329.2023068
  ✅ Skipping (already exists)
🔄 Processing: GLASS13B01.V10.A2015337.2023068
  ✅ Skipping (already exists)
🔄 Processing: GLASS13B01.V10.A2015345.2023068
  ✅ Skipping (already exists)
🔄 Processing: GLASS13B01.V10.A2015353.2023068
  ✅ Skipping (already exists)
🔄 Processing: GLASS13B01.V10.A2015361.2023068
  ✅ Skipping (already exists)
🔄 Processing: GLASS13B01.V10.A2016001.2023068
  ✅ Skipping (already exists)
🔄 Processing: GLASS13B01.V10.A2016009.2023068
  ✅ Skipping (already exists)
🔄 Processing: GLASS13B01.V10.A2016017.2023068
  ✅ Success
🔄 Processing: GLASS13B01.V10.A2016025.2023068
  ✅ Skipping (already exists)
🔄 Processing: GLASS13B01.V10.A2016033.2023068
  ✅ Skipping (already exists)
🔄 Processing: GLASS13B01.V10.A2016041.2023068
  ✅ Skipping (already exists)
🔄 Processing: GLASS13B01.V10.A2016049.2023068
  ✅ Success
🔄 Processing: GLASS13B01.V10.A2016057.2023068
  ✅ Skipping (already exists)
🔄 Processing: GLASS13B01.V10.A2016065.2023068
  ✅ Skipping (already exists)
🔄 Processing: GLASS13B01.V10.A2016073.2023068
  ✅ Skipping (already exists)
🔄 Processing: GLASS13B01.V10.A2016081.2023068
  ✅ Skipping (already exists)
🔄 Processing: GLASS13B01.V10.A2016089.2023068
  ✅ Skipping (already exists)
🔄 Processing: GLASS13B01.V10.A2016097.2023068
  ✅ Skipping (already exists)
🔄 Processing: GLASS13B01.V10.A2016105.2023068
  ✅ Skipping (already exists)
🔄 Processing: GLASS13B01.V10.A2016113.2023068
  ✅ Skipping (already exists)
🔄 Processing: GLASS13B01.V10.A2016121.2023068
  ✅ Skipping (already exists)
🔄 Processing: GLASS13B01.V10.A2016129.2023068
  ✅ Skipping (already exists)
🔄 Processing: GLASS13B01.V10.A2016137.2023068
  ✅ Skipping (already exists)
🔄 Processing: GLASS13B01.V10.A2016145.2023068
  ✅ Success
🔄 Processing: GLASS13B01.V10.A2016153.2023068
  ✅ Skipping (already exists)
🔄 Processing: GLASS13B01.V10.A2016161.2023068
  ✅ Skipping (already exists)
🔄 Processing: GLASS13B01.V10.A2016169.2023068
  ✅ Skipping (already exists)
🔄 Processing: GLASS13B01.V10.A2016177.2023068
  ✅ Skipping (already exists)
🔄 Processing: GLASS13B01.V10.A2016185.2023068
  ✅ Skipping (already exists)
🔄 Processing: GLASS13B01.V10.A2016193.2023068
  ✅ Skipping (already exists)
🔄 Processing: GLASS13B01.V10.A2016201.2023068
  ✅ Skipping (already exists)
🔄 Processing: GLASS13B01.V10.A2016209.2023068
  ✅ Skipping (already exists)
🔄 Processing: GLASS13B01.V10.A2016217.2023068
  ✅ Skipping (already exists)
🔄 Processing: GLASS13B01.V10.A2016225.2023068
  ✅ Skipping (already exists)
🔄 Processing: GLASS13B01.V10.A2016233.2023068
  ✅ Success
🔄 Processing: GLASS13B01.V10.A2016241.2023068
  ✅ Skipping (already exists)
🔄 Processing: GLASS13B01.V10.A2016249.2023068
  ✅ Skipping (already exists)
🔄 Processing: GLASS13B01.V10.A2016257.2023068
  ✅ Skipping (already exists)
🔄 Processing: GLASS13B01.V10.A2016265.2023068
  ✅ Success
🔄 Processing: GLASS13B01.V10.A2016273.2023068
  ✅ Skipping (already exists)
🔄 Processing: GLASS13B01.V10.A2016281.2023068
  ✅ Skipping (already exists)
🔄 Processing: GLASS13B01.V10.A2016289.2023068
  ✅ Skipping (already exists)
🔄 Processing: GLASS13B01.V10.A2016297.2023068
  ✅ Success
🔄 Processing: GLASS13B01.V10.A2016305.2023068
  ✅ Skipping (already exists)
🔄 Processing: GLASS13B01.V10.A2016313.2023068
  ✅ Success
🔄 Processing: GLASS13B01.V10.A2016321.2023068
  ✅ Success
🔄 Processing: GLASS13B01.V10.A2016329.2023068
  ✅ Skipping (already exists)
🔄 Processing: GLASS13B01.V10.A2016337.2023068
  ✅ Skipping (already exists)
🔄 Processing: GLASS13B01.V10.A2016345.2023068
  ✅ Success
🔄 Processing: GLASS13B01.V10.A2016353.2023068
  ✅ Skipping (already exists)
🔄 Processing: GLASS13B01.V10.A2016361.2023068
  ✅ Skipping (already exists)
🔄 Processing: GLASS13B01.V10.A2017001.2023068
  ✅ Skipping (already exists)
🔄 Processing: GLASS13B01.V10.A2017009.2023068
  ✅ Skipping (already exists)
🔄 Processing: GLASS13B01.V10.A2017017.2023068
  ✅ Skipping (already exists)
🔄 Processing: GLASS13B01.V10.A2017025.2023068
  ✅ Skipping (already exists)
🔄 Processing: GLASS13B01.V10.A2017033.2023068
  ✅ Skipping (already exists)
🔄 Processing: GLASS13B01.V10.A2017041.2023068
  ✅ Skipping (already exists)
🔄 Processing: GLASS13B01.V10.A2017049.2023068
  ✅ Skipping (already exists)
🔄 Processing: GLASS13B01.V10.A2017057.2023068
  ✅ Skipping (already exists)
🔄 Processing: GLASS13B01.V10.A2017065.2023068
  ✅ Skipping (already exists)
🔄 Processing: GLASS13B01.V10.A2017073.2023068
  ✅ Skipping (already exists)
🔄 Processing: GLASS13B01.V10.A2017081.2023068
  ✅ Skipping (already exists)
🔄 Processing: GLASS13B01.V10.A2017089.2023068
  ✅ Skipping (already exists)
🔄 Processing: GLASS13B01.V10.A2017097.2023068
  ✅ Skipping (already exists)
🔄 Processing: GLASS13B01.V10.A2017105.2023068
  ✅ Skipping (already exists)
🔄 Processing: GLASS13B01.V10.A2017113.2023068
  ✅ Skipping (already exists)
🔄 Processing: GLASS13B01.V10.A2017121.2023068
  ✅ Skipping (already exists)
🔄 Processing: GLASS13B01.V10.A2017129.2023068
  ✅ Skipping (already exists)
🔄 Processing: GLASS13B01.V10.A2017137.2023068
  ✅ Skipping (already exists)
🔄 Processing: GLASS13B01.V10.A2017145.2023068
  ✅ Skipping (already exists)
🔄 Processing: GLASS13B01.V10.A2017153.2023068
  ✅ Skipping (already exists)
🔄 Processing: GLASS13B01.V10.A2017161.2023068
  ✅ Skipping (already exists)
🔄 Processing: GLASS13B01.V10.A2017169.2023068
  ✅ Skipping (already exists)
🔄 Processing: GLASS13B01.V10.A2017177.2023068
  ✅ Skipping (already exists)
🔄 Processing: GLASS13B01.V10.A2017185.2023068
  ✅ Skipping (already exists)
🔄 Processing: GLASS13B01.V10.A2017193.2023068
  ✅ Skipping (already exists)
🔄 Processing: GLASS13B01.V10.A2017201.2023068
  ✅ Skipping (already exists)
🔄 Processing: GLASS13B01.V10.A2017209.2023068
  ✅ Success
🔄 Processing: GLASS13B01.V10.A2017217.2023068
  ✅ Skipping (already exists)
🔄 Processing: GLASS13B01.V10.A2017225.2023068
  ✅ Skipping (already exists)
🔄 Processing: GLASS13B01.V10.A2017233.2023068
  ✅ Skipping (already exists)
🔄 Processing: GLASS13B01.V10.A2017241.2023068
  ✅ Skipping (already exists)
🔄 Processing: GLASS13B01.V10.A2017249.2023068
  ✅ Skipping (already exists)
🔄 Processing: GLASS13B01.V10.A2017257.2023068
  ✅ Skipping (already exists)
🔄 Processing: GLASS13B01.V10.A2017265.2023068
  ✅ Skipping (already exists)
🔄 Processing: GLASS13B01.V10.A2017273.2023068
  ✅ Skipping (already exists)
🔄 Processing: GLASS13B01.V10.A2017281.2023068
  ✅ Skipping (already exists)
🔄 Processing: GLASS13B01.V10.A2017289.2023068
  ✅ Skipping (already exists)
🔄 Processing: GLASS13B01.V10.A2017297.2023068
  ✅ Skipping (already exists)
🔄 Processing: GLASS13B01.V10.A2017305.2023068
  ✅ Skipping (already exists)
🔄 Processing: GLASS13B01.V10.A2017313.2023068
  ✅ Skipping (already exists)
🔄 Processing: GLASS13B01.V10.A2017321.2023068
  ✅ Skipping (already exists)
🔄 Processing: GLASS13B01.V10.A2017329.2023068
  ✅ Skipping (already exists)
🔄 Processing: GLASS13B01.V10.A2017337.2023068
  ✅ Skipping (already exists)
🔄 Processing: GLASS13B01.V10.A2017345.2023068
  ✅ Skipping (already exists)
🔄 Processing: GLASS13B01.V10.A2017353.2023068
  ✅ Skipping (already exists)
🔄 Processing: GLASS13B01.V10.A2017361.2023068
  ✅ Skipping (already exists)
🔄 Processing: GLASS13B01.V10.A2018001.2023068
  ✅ Skipping (already exists)
🔄 Processing: GLASS13B01.V10.A2018009.2023068
  ✅ Skipping (already exists)
🔄 Processing: GLASS13B01.V10.A2018017.2023068
  ✅ Skipping (already exists)
🔄 Processing: GLASS13B01.V10.A2018025.2023068
  ✅ Skipping (already exists)
🔄 Processing: GLASS13B01.V10.A2018033.2023068
  ✅ Skipping (already exists)
🔄 Processing: GLASS13B01.V10.A2018041.2023068
  ✅ Skipping (already exists)
🔄 Processing: GLASS13B01.V10.A2018049.2023068
  ✅ Skipping (already exists)
🔄 Processing: GLASS13B01.V10.A2018057.2023068
  ✅ Skipping (already exists)
🔄 Processing: GLASS13B01.V10.A2018065.2023068
  ✅ Skipping (already exists)
🔄 Processing: GLASS13B01.V10.A2018073.2023068
  ✅ Skipping (already exists)
🔄 Processing: GLASS13B01.V10.A2018081.2023068
  ✅ Skipping (already exists)
🔄 Processing: GLASS13B01.V10.A2018089.2023068
  ✅ Skipping (already exists)
🔄 Processing: GLASS13B01.V10.A2018097.2023068
  ✅ Skipping (already exists)
🔄 Processing: GLASS13B01.V10.A2018105.2023068
  ✅ Success
🔄 Processing: GLASS13B01.V10.A2018113.2023068
  ✅ Skipping (already exists)
🔄 Processing: GLASS13B01.V10.A2018121.2023068
  ✅ Skipping (already exists)
🔄 Processing: GLASS13B01.V10.A2018129.2023068
  ✅ Skipping (already exists)
🔄 Processing: GLASS13B01.V10.A2018137.2023068
  ✅ Skipping (already exists)
🔄 Processing: GLASS13B01.V10.A2018145.2023068
  ✅ Skipping (already exists)
🔄 Processing: GLASS13B01.V10.A2018153.2023068
  ✅ Skipping (already exists)
🔄 Processing: GLASS13B01.V10.A2018161.2023068
  ✅ Skipping (already exists)
🔄 Processing: GLASS13B01.V10.A2018169.2023068
  ✅ Skipping (already exists)
🔄 Processing: GLASS13B01.V10.A2018177.2023068
  ✅ Skipping (already exists)
🔄 Processing: GLASS13B01.V10.A2018185.2023068
  ✅ Skipping (already exists)
🔄 Processing: GLASS13B01.V10.A2018193.2023068
  ✅ Skipping (already exists)
🔄 Processing: GLASS13B01.V10.A2018201.2023068
  ✅ Skipping (already exists)
🔄 Processing: GLASS13B01.V10.A2018209.2023068
  ✅ Success
🔄 Processing: GLASS13B01.V10.A2018217.2023068
  ✅ Skipping (already exists)
🔄 Processing: GLASS13B01.V10.A2018225.2023068
  ✅ Skipping (already exists)
🔄 Processing: GLASS13B01.V10.A2018233.2023068
  ✅ Skipping (already exists)
🔄 Processing: GLASS13B01.V10.A2018241.2023068
  ✅ Skipping (already exists)
🔄 Processing: GLASS13B01.V10.A2018249.2023068
  ✅ Skipping (already exists)
🔄 Processing: GLASS13B01.V10.A2018257.2023068
  ✅ Skipping (already exists)
🔄 Processing: GLASS13B01.V10.A2018265.2023068
  ✅ Skipping (already exists)
🔄 Processing: GLASS13B01.V10.A2018273.2023068
  ✅ Skipping (already exists)
🔄 Processing: GLASS13B01.V10.A2018281.2023068
  ✅ Skipping (already exists)
🔄 Processing: GLASS13B01.V10.A2018289.2023068
  ✅ Skipping (already exists)
🔄 Processing: GLASS13B01.V10.A2018297.2023068
  ✅ Skipping (already exists)
🔄 Processing: GLASS13B01.V10.A2018305.2023068
  ✅ Skipping (already exists)
🔄 Processing: GLASS13B01.V10.A2018313.2023068
  ✅ Skipping (already exists)
🔄 Processing: GLASS13B01.V10.A2018321.2023068
  ✅ Skipping (already exists)
🔄 Processing: GLASS13B01.V10.A2018329.2023068
  ✅ Skipping (already exists)
🔄 Processing: GLASS13B01.V10.A2018337.2023068
  ✅ Skipping (already exists)
🔄 Processing: GLASS13B01.V10.A2018345.2023068
  ✅ Skipping (already exists)
🔄 Processing: GLASS13B01.V10.A2018353.2023068
  ✅ Skipping (already exists)
🔄 Processing: GLASS13B01.V10.A2018361.2023068
  ✅ Skipping (already exists)
🔄 Processing: GLASS13B01.V10.A2019001.2023068
  ✅ Skipping (already exists)
🔄 Processing: GLASS13B01.V10.A2019009.2023068
  ✅ Skipping (already exists)
🔄 Processing: GLASS13B01.V10.A2019017.2023068
  ✅ Skipping (already exists)
🔄 Processing: GLASS13B01.V10.A2019025.2023068
  ✅ Skipping (already exists)
🔄 Processing: GLASS13B01.V10.A2019033.2023068
  ✅ Skipping (already exists)
🔄 Processing: GLASS13B01.V10.A2019041.2023068
  ✅ Skipping (already exists)
🔄 Processing: GLASS13B01.V10.A2019049.2023068
  ✅ Skipping (already exists)
🔄 Processing: GLASS13B01.V10.A2019057.2023068
  ✅ Success
🔄 Processing: GLASS13B01.V10.A2019065.2023068
  ✅ Skipping (already exists)
🔄 Processing: GLASS13B01.V10.A2019073.2023068
  ✅ Skipping (already exists)
🔄 Processing: GLASS13B01.V10.A2019081.2023068
  ✅ Skipping (already exists)
🔄 Processing: GLASS13B01.V10.A2019089.2023068
  ✅ Skipping (already exists)
🔄 Processing: GLASS13B01.V10.A2019097.2023068
  ✅ Skipping (already exists)
🔄 Processing: GLASS13B01.V10.A2019105.2023068
  ✅ Skipping (already exists)
🔄 Processing: GLASS13B01.V10.A2019113.2023068
  ✅ Skipping (already exists)
🔄 Processing: GLASS13B01.V10.A2019121.2023068
  ✅ Skipping (already exists)
🔄 Processing: GLASS13B01.V10.A2019129.2023068
  ✅ Skipping (already exists)
🔄 Processing: GLASS13B01.V10.A2019137.2023068
  ✅ Skipping (already exists)
🔄 Processing: GLASS13B01.V10.A2019145.2023068
  ✅ Skipping (already exists)
🔄 Processing: GLASS13B01.V10.A2019153.2023068
  ✅ Skipping (already exists)
🔄 Processing: GLASS13B01.V10.A2019161.2023068
  ✅ Skipping (already exists)
🔄 Processing: GLASS13B01.V10.A2019169.2023068
  ✅ Skipping (already exists)
🔄 Processing: GLASS13B01.V10.A2019177.2023068
  ✅ Skipping (already exists)
🔄 Processing: GLASS13B01.V10.A2019185.2023068
  ✅ Skipping (already exists)
🔄 Processing: GLASS13B01.V10.A2019193.2023068
  ✅ Skipping (already exists)
🔄 Processing: GLASS13B01.V10.A2019201.2023068
  ✅ Skipping (already exists)
🔄 Processing: GLASS13B01.V10.A2019209.2023068
  ✅ Skipping (already exists)
🔄 Processing: GLASS13B01.V10.A2019217.2023068
  ✅ Skipping (already exists)
🔄 Processing: GLASS13B01.V10.A2019225.2023068
  ✅ Skipping (already exists)
🔄 Processing: GLASS13B01.V10.A2019233.2023068
  ✅ Skipping (already exists)
🔄 Processing: GLASS13B01.V10.A2019241.2023068
  ✅ Skipping (already exists)
🔄 Processing: GLASS13B01.V10.A2019249.2023068
  ✅ Skipping (already exists)
🔄 Processing: GLASS13B01.V10.A2019257.2023068
  ✅ Skipping (already exists)
🔄 Processing: GLASS13B01.V10.A2019265.2023068
  ✅ Skipping (already exists)
🔄 Processing: GLASS13B01.V10.A2019273.2023068
  ✅ Skipping (already exists)
🔄 Processing: GLASS13B01.V10.A2019281.2023068
  ✅ Skipping (already exists)
🔄 Processing: GLASS13B01.V10.A2019289.2023068
  ✅ Skipping (already exists)
🔄 Processing: GLASS13B01.V10.A2019297.2023068
  ✅ Skipping (already exists)
🔄 Processing: GLASS13B01.V10.A2019305.2023068
  ✅ Skipping (already exists)
🔄 Processing: GLASS13B01.V10.A2019313.2023068
  ✅ Skipping (already exists)
🔄 Processing: GLASS13B01.V10.A2019321.2023068
  ✅ Skipping (already exists)
🔄 Processing: GLASS13B01.V10.A2019329.2023068
  ✅ Skipping (already exists)
🔄 Processing: GLASS13B01.V10.A2019337.2023068
  ✅ Skipping (already exists)
🔄 Processing: GLASS13B01.V10.A2019345.2023068
  ✅ Skipping (already exists)
🔄 Processing: GLASS13B01.V10.A2019353.2023068
  ✅ Skipping (already exists)
🔄 Processing: GLASS13B01.V10.A2019361.2023068
  ✅ Skipping (already exists)
🔄 Processing: GLASS13B01.V10.A2020001.2023068
  ✅ Skipping (already exists)
🔄 Processing: GLASS13B01.V10.A2020009.2023068
  ✅ Skipping (already exists)
🔄 Processing: GLASS13B01.V10.A2020017.2023068
  ✅ Success
🔄 Processing: GLASS13B01.V10.A2020025.2023068
  ✅ Skipping (already exists)
🔄 Processing: GLASS13B01.V10.A2020033.2023068
  ✅ Success
🔄 Processing: GLASS13B01.V10.A2020041.2023068
  ✅ Skipping (already exists)
🔄 Processing: GLASS13B01.V10.A2020049.2023068
  ✅ Skipping (already exists)
🔄 Processing: GLASS13B01.V10.A2020057.2023068
  ✅ Skipping (already exists)
🔄 Processing: GLASS13B01.V10.A2020065.2023068
  ✅ Success
🔄 Processing: GLASS13B01.V10.A2020073.2023068
  ✅ Skipping (already exists)
🔄 Processing: GLASS13B01.V10.A2020081.2023068
  ✅ Skipping (already exists)
🔄 Processing: GLASS13B01.V10.A2020089.2023068
  ✅ Skipping (already exists)
🔄 Processing: GLASS13B01.V10.A2020097.2023068
  ✅ Skipping (already exists)
🔄 Processing: GLASS13B01.V10.A2020105.2023068
  ✅ Success
🔄 Processing: GLASS13B01.V10.A2020113.2023068
  ✅ Success
🔄 Processing: GLASS13B01.V10.A2020121.2023068
  ✅ Skipping (already exists)
🔄 Processing: GLASS13B01.V10.A2020129.2023068
  ✅ Skipping (already exists)
🔄 Processing: GLASS13B01.V10.A2020137.2023068
  ✅ Skipping (already exists)
🔄 Processing: GLASS13B01.V10.A2020145.2023068
  ✅ Skipping (already exists)
🔄 Processing: GLASS13B01.V10.A2020153.2023068
  ✅ Skipping (already exists)
🔄 Processing: GLASS13B01.V10.A2020161.2023068
  ✅ Skipping (already exists)
🔄 Processing: GLASS13B01.V10.A2020169.2023068
  ✅ Skipping (already exists)
🔄 Processing: GLASS13B01.V10.A2020177.2023068
  ✅ Success
🔄 Processing: GLASS13B01.V10.A2020185.2023068
  ✅ Success
🔄 Processing: GLASS13B01.V10.A2020193.2023068
  ✅ Skipping (already exists)
🔄 Processing: GLASS13B01.V10.A2020201.2023068
  ✅ Skipping (already exists)
🔄 Processing: GLASS13B01.V10.A2020209.2023068
  ✅ Skipping (already exists)
🔄 Processing: GLASS13B01.V10.A2020217.2023068
  ✅ Skipping (already exists)
🔄 Processing: GLASS13B01.V10.A2020225.2023068
  ✅ Success
🔄 Processing: GLASS13B01.V10.A2020233.2023068
  ✅ Skipping (already exists)
🔄 Processing: GLASS13B01.V10.A2020241.2023068
  ✅ Skipping (already exists)
🔄 Processing: GLASS13B01.V10.A2020249.2023068
  ✅ Success
🔄 Processing: GLASS13B01.V10.A2020257.2023068
  ✅ Skipping (already exists)
🔄 Processing: GLASS13B01.V10.A2020265.2023068
  ✅ Skipping (already exists)
🔄 Processing: GLASS13B01.V10.A2020273.2023068
  ✅ Success
🔄 Processing: GLASS13B01.V10.A2020281.2023068
  ✅ Skipping (already exists)
🔄 Processing: GLASS13B01.V10.A2020289.2023068
  ✅ Skipping (already exists)
🔄 Processing: GLASS13B01.V10.A2020297.2023068
  ✅ Skipping (already exists)
🔄 Processing: GLASS13B01.V10.A2020305.2023068
  ✅ Skipping (already exists)
🔄 Processing: GLASS13B01.V10.A2020313.2023068
  ✅ Skipping (already exists)
🔄 Processing: GLASS13B01.V10.A2020321.2023068
  ✅ Success
🔄 Processing: GLASS13B01.V10.A2020329.2023068
  ✅ Skipping (already exists)
🔄 Processing: GLASS13B01.V10.A2020337.2023068
  ✅ Skipping (already exists)
🔄 Processing: GLASS13B01.V10.A2020345.2023068
  ✅ Success
🔄 Processing: GLASS13B01.V10.A2020353.2023068
  ✅ Skipping (already exists)
🔄 Processing: GLASS13B01.V10.A2020361.2023068
  ✅ Skipping (already exists)
🔄 Processing: GLASS13B01.V10.A2021001.2023068
  ✅ Skipping (already exists)
🔄 Processing: GLASS13B01.V10.A2021009.2023068
  ✅ Skipping (already exists)
🔄 Processing: GLASS13B01.V10.A2021017.2023068
  ✅ Skipping (already exists)
🔄 Processing: GLASS13B01.V10.A2021025.2023068
  ✅ Skipping (already exists)
🔄 Processing: GLASS13B01.V10.A2021033.2023068
  ✅ Success
🔄 Processing: GLASS13B01.V10.A2021041.2023068
  ✅ Success
🔄 Processing: GLASS13B01.V10.A2021049.2023068
  ✅ Skipping (already exists)
🔄 Processing: GLASS13B01.V10.A2021057.2023068
  ✅ Skipping (already exists)
🔄 Processing: GLASS13B01.V10.A2021065.2023068
  ✅ Skipping (already exists)
🔄 Processing: GLASS13B01.V10.A2021073.2023068
  ✅ Skipping (already exists)
🔄 Processing: GLASS13B01.V10.A2021081.2023068
  ✅ Skipping (already exists)
🔄 Processing: GLASS13B01.V10.A2021089.2023068
  ✅ Skipping (already exists)
🔄 Processing: GLASS13B01.V10.A2021097.2023068
  ✅ Skipping (already exists)
🔄 Processing: GLASS13B01.V10.A2021105.2023068
  ✅ Skipping (already exists)
🔄 Processing: GLASS13B01.V10.A2021113.2023068
  ✅ Skipping (already exists)
🔄 Processing: GLASS13B01.V10.A2021121.2023068
  ✅ Skipping (already exists)
🔄 Processing: GLASS13B01.V10.A2021129.2023068
  ✅ Skipping (already exists)
🔄 Processing: GLASS13B01.V10.A2021137.2023068
  ✅ Skipping (already exists)
🔄 Processing: GLASS13B01.V10.A2021145.2023068
  ✅ Skipping (already exists)
🔄 Processing: GLASS13B01.V10.A2021153.2023068
  ✅ Skipping (already exists)
🔄 Processing: GLASS13B01.V10.A2021161.2023068
  ✅ Skipping (already exists)
🔄 Processing: GLASS13B01.V10.A2021169.2023068
  ✅ Skipping (already exists)
🔄 Processing: GLASS13B01.V10.A2021177.2023068
  ✅ Skipping (already exists)
🔄 Processing: GLASS13B01.V10.A2021185.2023068
  ✅ Skipping (already exists)
🔄 Processing: GLASS13B01.V10.A2021193.2023068
  ✅ Skipping (already exists)
🔄 Processing: GLASS13B01.V10.A2021201.2023068
  ✅ Skipping (already exists)
🔄 Processing: GLASS13B01.V10.A2021209.2023068
  ✅ Skipping (already exists)
🔄 Processing: GLASS13B01.V10.A2021217.2023068
  ✅ Skipping (already exists)
🔄 Processing: GLASS13B01.V10.A2021225.2023068
  ✅ Skipping (already exists)
🔄 Processing: GLASS13B01.V10.A2021233.2023068
  ✅ Skipping (already exists)
🔄 Processing: GLASS13B01.V10.A2021241.2023068
  ✅ Success
🔄 Processing: GLASS13B01.V10.A2021249.2023068
  ✅ Success
🔄 Processing: GLASS13B01.V10.A2021257.2023068
  ✅ Skipping (already exists)
🔄 Processing: GLASS13B01.V10.A2021265.2023068
  ✅ Success
🔄 Processing: GLASS13B01.V10.A2021273.2023068
  ✅ Skipping (already exists)
🔄 Processing: GLASS13B01.V10.A2021281.2023068
  ✅ Skipping (already exists)
🔄 Processing: GLASS13B01.V10.A2021289.2023068
  ✅ Skipping (already exists)
🔄 Processing: GLASS13B01.V10.A2021297.2023068
  ✅ Skipping (already exists)
🔄 Processing: GLASS13B01.V10.A2021305.2023068
  ✅ Skipping (already exists)
🔄 Processing: GLASS13B01.V10.A2021313.2023068
  ✅ Success
🔄 Processing: GLASS13B01.V10.A2021321.2023068
  ✅ Skipping (already exists)
🔄 Processing: GLASS13B01.V10.A2021329.2023068
  ✅ Skipping (already exists)
🔄 Processing: GLASS13B01.V10.A2021337.2023068
  ✅ Skipping (already exists)
🔄 Processing: GLASS13B01.V10.A2021345.2023068
  ✅ Skipping (already exists)
🔄 Processing: GLASS13B01.V10.A2021353.2023068
  ✅ Skipping (already exists)
🔄 Processing: GLASS13B01.V10.A2021361.2023068
  ✅ Skipping (already exists)
🔄 Processing: GLASS13B01.V10.A2022001.2025133
  ✅ Skipping (already exists)
🔄 Processing: GLASS13B01.V10.A2022009.2025133
  ✅ Skipping (already exists)
🔄 Processing: GLASS13B01.V10.A2022017.2025133
  ✅ Success
🔄 Processing: GLASS13B01.V10.A2022025.2025133
  ✅ Success
🔄 Processing: GLASS13B01.V10.A2022033.2025133
  ✅ Success
🔄 Processing: GLASS13B01.V10.A2022041.2025133
  ✅ Skipping (already exists)
🔄 Processing: GLASS13B01.V10.A2022049.2025133
  ✅ Skipping (already exists)
🔄 Processing: GLASS13B01.V10.A2022057.2025133
  ✅ Skipping (already exists)
🔄 Processing: GLASS13B01.V10.A2022065.2025133
  ✅ Success
🔄 Processing: GLASS13B01.V10.A2022073.2025133
  ✅ Success
🔄 Processing: GLASS13B01.V10.A2022081.2025133
  ✅ Skipping (already exists)
🔄 Processing: GLASS13B01.V10.A2022089.2025133
  ✅ Skipping (already exists)
🔄 Processing: GLASS13B01.V10.A2022097.2025133
  ✅ Skipping (already exists)
🔄 Processing: GLASS13B01.V10.A2022105.2025133
  ✅ Success
🔄 Processing: GLASS13B01.V10.A2022113.2025133
  ✅ Success
🔄 Processing: GLASS13B01.V10.A2022121.2025133
  ✅ Skipping (already exists)
🔄 Processing: GLASS13B01.V10.A2022129.2025133
  ✅ Skipping (already exists)
🔄 Processing: GLASS13B01.V10.A2022137.2025133
  ✅ Skipping (already exists)
🔄 Processing: GLASS13B01.V10.A2022145.2025133
  ✅ Skipping (already exists)
🔄 Processing: GLASS13B01.V10.A2022153.2025133
  ✅ Skipping (already exists)
🔄 Processing: GLASS13B01.V10.A2022161.2025133
  ✅ Success
🔄 Processing: GLASS13B01.V10.A2022169.2025133
  ✅ Success
🔄 Processing: GLASS13B01.V10.A2022177.2025133
  ✅ Skipping (already exists)
🔄 Processing: GLASS13B01.V10.A2022185.2025133
  ✅ Skipping (already exists)
🔄 Processing: GLASS13B01.V10.A2022193.2025133
  ✅ Skipping (already exists)
🔄 Processing: GLASS13B01.V10.A2022201.2025133
  ✅ Skipping (already exists)
🔄 Processing: GLASS13B01.V10.A2022209.2025133
  ✅ Skipping (already exists)
🔄 Processing: GLASS13B01.V10.A2022217.2025133
  ✅ Skipping (already exists)
🔄 Processing: GLASS13B01.V10.A2022225.2025133
  ✅ Skipping (already exists)
🔄 Processing: GLASS13B01.V10.A2022233.2025133
  ✅ Skipping (already exists)
🔄 Processing: GLASS13B01.V10.A2022241.2025133
  ✅ Skipping (already exists)
🔄 Processing: GLASS13B01.V10.A2022249.2025133
  ✅ Skipping (already exists)
🔄 Processing: GLASS13B01.V10.A2022257.2025133
  ✅ Skipping (already exists)
🔄 Processing: GLASS13B01.V10.A2022265.2025133
  ✅ Skipping (already exists)
🔄 Processing: GLASS13B01.V10.A2022273.2025133
  ✅ Success
🔄 Processing: GLASS13B01.V10.A2022281.2025133
  ✅ Success
🔄 Processing: GLASS13B01.V10.A2022289.2025133
  ✅ Skipping (already exists)
🔄 Processing: GLASS13B01.V10.A2022297.2025133
  ✅ Skipping (already exists)
🔄 Processing: GLASS13B01.V10.A2022305.2025133
  ✅ Skipping (already exists)
🔄 Processing: GLASS13B01.V10.A2022313.2025133
  ✅ Skipping (already exists)
🔄 Processing: GLASS13B01.V10.A2022321.2025133
  ✅ Skipping (already exists)
🔄 Processing: GLASS13B01.V10.A2022329.2025133
  ✅ Skipping (already exists)
🔄 Processing: GLASS13B01.V10.A2022337.2025133
  ✅ Skipping (already exists)
🔄 Processing: GLASS13B01.V10.A2022345.2025133
  ✅ Skipping (already exists)
🔄 Processing: GLASS13B01.V10.A2022353.2025133
  ✅ Skipping (already exists)
🔄 Processing: GLASS13B01.V10.A2022361.2025133
  ✅ Skipping (already exists)
🔄 Processing: GLASS13B01.V10.A2023001.2025133
  ✅ Skipping (already exists)
🔄 Processing: GLASS13B01.V10.A2023009.2025133
  ✅ Skipping (already exists)
🔄 Processing: GLASS13B01.V10.A2023017.2025133
  ✅ Success
🔄 Processing: GLASS13B01.V10.A2023025.2025133
  ✅ Success
🔄 Processing: GLASS13B01.V10.A2023033.2025133
  ✅ Skipping (already exists)
🔄 Processing: GLASS13B01.V10.A2023041.2025133
  ✅ Skipping (already exists)
🔄 Processing: GLASS13B01.V10.A2023049.2025133
  ✅ Skipping (already exists)
🔄 Processing: GLASS13B01.V10.A2023057.2025133
  ✅ Skipping (already exists)
🔄 Processing: GLASS13B01.V10.A2023065.2025133
  ✅ Skipping (already exists)
🔄 Processing: GLASS13B01.V10.A2023073.2025133
  ✅ Skipping (already exists)
🔄 Processing: GLASS13B01.V10.A2023081.2025133
  ✅ Skipping (already exists)
🔄 Processing: GLASS13B01.V10.A2023089.2025133
  ✅ Skipping (already exists)
🔄 Processing: GLASS13B01.V10.A2023097.2025133
  ✅ Skipping (already exists)
🔄 Processing: GLASS13B01.V10.A2023105.2025133
  ✅ Success
🔄 Processing: GLASS13B01.V10.A2023113.2025133
  ✅ Success
🔄 Processing: GLASS13B01.V10.A2023121.2025133
  ✅ Skipping (already exists)
🔄 Processing: GLASS13B01.V10.A2023129.2025133
  ✅ Skipping (already exists)
🔄 Processing: GLASS13B01.V10.A2023137.2025133
  ✅ Success
🔄 Processing: GLASS13B01.V10.A2023145.2025133
  ✅ Success
🔄 Processing: GLASS13B01.V10.A2023153.2025133
  ✅ Success
🔄 Processing: GLASS13B01.V10.A2023161.2025133
  ✅ Skipping (already exists)
🔄 Processing: GLASS13B01.V10.A2023169.2025133
  ✅ Skipping (already exists)
🔄 Processing: GLASS13B01.V10.A2023177.2025133
  ✅ Skipping (already exists)
🔄 Processing: GLASS13B01.V10.A2023185.2025133
  ✅ Success
🔄 Processing: GLASS13B01.V10.A2023193.2025133
  ✅ Success
🔄 Processing: GLASS13B01.V10.A2023201.2025133
  ✅ Success
🔄 Processing: GLASS13B01.V10.A2023209.2025133
  ✅ Skipping (already exists)
🔄 Processing: GLASS13B01.V10.A2023217.2025133
  ✅ Skipping (already exists)
🔄 Processing: GLASS13B01.V10.A2023225.2025133
  ✅ Skipping (already exists)
🔄 Processing: GLASS13B01.V10.A2023233.2025133
  ✅ Skipping (already exists)
🔄 Processing: GLASS13B01.V10.A2023241.2025133
  ✅ Success
🔄 Processing: GLASS13B01.V10.A2023249.2025133
  ✅ Success
🔄 Processing: GLASS13B01.V10.A2023257.2025133
  ✅ Success
🔄 Processing: GLASS13B01.V10.A2023265.2025133
  ✅ Skipping (already exists)
🔄 Processing: GLASS13B01.V10.A2023273.2025133
  ✅ Skipping (already exists)
🔄 Processing: GLASS13B01.V10.A2023281.2025133
  ✅ Skipping (already exists)
🔄 Processing: GLASS13B01.V10.A2023289.2025133
  ✅ Skipping (already exists)
🔄 Processing: GLASS13B01.V10.A2023297.2025133
  ✅ Skipping (already exists)
🔄 Processing: GLASS13B01.V10.A2023305.2025133
  ✅ Skipping (already exists)
🔄 Processing: GLASS13B01.V10.A2023313.2025133
  ✅ Success
🔄 Processing: GLASS13B01.V10.A2023321.2025133
  ✅ Success
🔄 Processing: GLASS13B01.V10.A2023329.2025133
  ✅ Success
🔄 Processing: GLASS13B01.V10.A2023337.2025133
  ✅ Success
🔄 Processing: GLASS13B01.V10.A2023345.2025133
  ✅ Skipping (already exists)
🔄 Processing: GLASS13B01.V10.A2023353.2025133
  ✅ Skipping (already exists)
🔄 Processing: GLASS13B01.V10.A2023361.2025133
  ✅ Skipping (already exists)
🔄 Processing: GLASS13B01.V10.A2024001.2025133
  ✅ Skipping (already exists)
🔄 Processing: GLASS13B01.V10.A2024009.2025133
  ✅ Skipping (already exists)
🔄 Processing: GLASS13B01.V10.A2024017.2025133
  ✅ Skipping (already exists)
🔄 Processing: GLASS13B01.V10.A2024025.2025133
  ✅ Skipping (already exists)
🔄 Processing: GLASS13B01.V10.A2024033.2025133
  ✅ Success
🔄 Processing: GLASS13B01.V10.A2024041.2025133
  ✅ Success
🔄 Processing: GLASS13B01.V10.A2024049.2025133
  ✅ Skipping (already exists)
🔄 Processing: GLASS13B01.V10.A2024057.2025133
  ✅ Success
🔄 Processing: GLASS13B01.V10.A2024065.2025133
  ✅ Skipping (already exists)
🔄 Processing: GLASS13B01.V10.A2024073.2025133
  ✅ Skipping (already exists)
🔄 Processing: GLASS13B01.V10.A2024081.2025133
  ✅ Success
🔄 Processing: GLASS13B01.V10.A2024089.2025133
  ✅ Skipping (already exists)
🔄 Processing: GLASS13B01.V10.A2024097.2025133
  ✅ Success
🔄 Processing: GLASS13B01.V10.A2024105.2025133
  ✅ Success
🔄 Processing: GLASS13B01.V10.A2024113.2025133
  ✅ Success
🔄 Processing: GLASS13B01.V10.A2024121.2025133
  ✅ Skipping (already exists)
🔄 Processing: GLASS13B01.V10.A2024129.2025133
  ✅ Skipping (already exists)
🔄 Processing: GLASS13B01.V10.A2024137.2025133
  ✅ Success
🔄 Processing: GLASS13B01.V10.A2024145.2025133
  ✅ Success
🔄 Processing: GLASS13B01.V10.A2024153.2025133
  ✅ Skipping (already exists)
🔄 Processing: GLASS13B01.V10.A2024161.2025133
  ✅ Skipping (already exists)
🔄 Processing: GLASS13B01.V10.A2024169.2025133
  ✅ Skipping (already exists)
🔄 Processing: GLASS13B01.V10.A2024177.2025133
  ✅ Skipping (already exists)
🔄 Processing: GLASS13B01.V10.A2024185.2025133
  ✅ Skipping (already exists)
🔄 Processing: GLASS13B01.V10.A2024193.2025133
  ✅ Success
🔄 Processing: GLASS13B01.V10.A2024201.2025133
  ✅ Skipping (already exists)
🔄 Processing: GLASS13B01.V10.A2024209.2025133
  ✅ Success
🔄 Processing: GLASS13B01.V10.A2024217.2025133
  ✅ Skipping (already exists)
🔄 Processing: GLASS13B01.V10.A2024225.2025133
  ✅ Skipping (already exists)
🔄 Processing: GLASS13B01.V10.A2024233.2025133
  ✅ Skipping (already exists)
🔄 Processing: GLASS13B01.V10.A2024241.2025133
  ✅ Skipping (already exists)
🔄 Processing: GLASS13B01.V10.A2024249.2025133
  ✅ Skipping (already exists)
🔄 Processing: GLASS13B01.V10.A2024257.2025133
  ✅ Skipping (already exists)
🔄 Processing: GLASS13B01.V10.A2024265.2025133
  ✅ Success
🔄 Processing: GLASS13B01.V10.A2024273.2025133
  ✅ Skipping (already exists)
🔄 Processing: GLASS13B01.V10.A2024281.2025133
  ✅ Success
🔄 Processing: GLASS13B01.V10.A2024289.2025133
  ✅ Success
🔄 Processing: GLASS13B01.V10.A2024297.2025133
  ✅ Success
🔄 Processing: GLASS13B01.V10.A2024305.2025133
  ✅ Skipping (already exists)
🔄 Processing: GLASS13B01.V10.A2024313.2025133
  ✅ Success
🔄 Processing: GLASS13B01.V10.A2024321.2025133
  ✅ Skipping (already exists)
🔄 Processing: GLASS13B01.V10.A2024329.2025133
  ✅ Success
🔄 Processing: GLASS13B01.V10.A2024337.2025133
  ✅ Skipping (already exists)
🔄 Processing: GLASS13B01.V10.A2024345.2025133
  ✅ Skipping (already exists)
🔄 Processing: GLASS13B01.V10.A2024353.2025133
  ✅ Success
🔄 Processing: GLASS13B01.V10.A2024361.2025133
  ✅ Skipping (already exists)
✅ Batch conversion complete at Mon Jun  9 18:03:06 EAT 2025
Total files: 1150
  Successful: 119
  Failed:     0
